2022-03-16 13:50:07,663 - __main__ - INFO : Live watch not requested
2022-03-16 13:50:07,664 - __main__ - INFO : No ROI coordinates provided
2022-03-16 13:50:07,664 - __main__ - INFO : No resonance/gamma data provided
2022-03-16 13:50:07,664 - ROImulti - INFO : __init__(<ROImulti.ROImulti object at 0x11ffa8310>, angle=0.0, roi=None, res={res})
2022-03-16 13:50:07,664 - ROImulti - INFO : __init__(<ROImulti.ROImulti object at 0x11ffa8580>, angle=0.0, roi=None, res={res})
2022-03-16 13:50:07,664 - ROImulti - INFO : __init__(<ROImulti.ROImulti object at 0x11ffa8580>, angle=0.0, roi=None, res={res})
2022-03-16 13:50:07,665 - __main__ - INFO : 5 files processed
2022-03-16 13:50:07,686 - __main__ - DEBUG : Images found to PNG format
2022-03-16 13:50:07,696 - __main__ - INFO : Loading data took: -0.001025s
2022-03-16 13:50:07,696 - ROImulti - DEBUG : ...set_initial_ROI({self}, {im})
2022-03-16 13:50:07,696 - ROImulti - DEBUG : ...set_initial_ROI({self}, {im})
2022-03-16 13:50:07,917 - ImageProcessor - DEBUG : ...__init__(<ImageProcessor.ImageProcessor object at 0x11ffa8700>, crop, (<Figure size 1200x600 with 2 Axes>, array([<AxesSubplot:>, <AxesSubplot:>], dtype=object)), <PIL.Image.Image image mode=L size=2592x1944 at 0x11FFAB670>)
2022-03-16 13:50:07,917 - ImageProcessor - INFO : Image crop
2022-03-16 13:50:07,918 - ImageProcessor - DEBUG : ...connect(<ImageProcessor.ImageProcessor object at 0x11ffa8700>)
2022-03-16 13:50:10,041 - ImageProcessor - DEBUG : ...mouseClick(<ImageProcessor.ImageProcessor object at 0x11ffa8700>, button_press_event: xy=(1032, 695) xydata=(1501.4905548996462, 759.0064935064938) button=1 dblclick=0 inaxes=AxesSubplot(0.132538,0.11;0.513333x0.77))
2022-03-16 13:50:10,041 - ImageProcessor - DEBUG : ...update_fig(<ImageProcessor.ImageProcessor object at 0x11ffa8700>, 1501.4905548996462, 759.0064935064938)
2022-03-16 13:50:10,041 - ImageProcessor - DEBUG : ...add_data(<ImageProcessor.ImageProcessor object at 0x11ffa8700>, 1501.4905548996462, 759.0064935064938)
2022-03-16 13:50:10,801 - ImageProcessor - DEBUG : ...mouseClick(<ImageProcessor.ImageProcessor object at 0x11ffa8700>, button_press_event: xy=(1165, 466) xydata=(1781.3087367178282, 1240.7987012987014) button=1 dblclick=0 inaxes=AxesSubplot(0.132538,0.11;0.513333x0.77))
2022-03-16 13:50:10,801 - ImageProcessor - DEBUG : ...update_fig(<ImageProcessor.ImageProcessor object at 0x11ffa8700>, 1781.3087367178282, 1240.7987012987014)
2022-03-16 13:50:10,806 - ImageProcessor - DEBUG : ...add_data(<ImageProcessor.ImageProcessor object at 0x11ffa8700>, 1781.3087367178282, 1240.7987012987014)
2022-03-16 13:50:11,681 - ImageProcessor - DEBUG : ...keyPress(<ImageProcessor.ImageProcessor object at 0x11ffa8700>, key: enter)
2022-03-16 13:50:11,683 - ImageProcessor - DEBUG : ...get_coords(<ImageProcessor.ImageProcessor object at 0x11ffa8700>)
2022-03-16 13:50:11,683 - ROImulti - DEBUG : ROI selection
2022-03-16 13:50:11,683 - ROImulti - DEBUG : ROI selection
2022-03-16 13:50:11,716 - ImageProcessor - DEBUG : ...__init__(<ImageProcessor.ImageProcessor object at 0x12caecf70>, resonance, (<Figure size 1200x600 with 2 Axes>, array([<AxesSubplot:>, <AxesSubplot:>], dtype=object)), <PIL.Image.Image image mode=L size=280x482 at 0x11FFDDE70>)
2022-03-16 13:50:11,716 - ImageProcessor - DEBUG : ...__init__(<ImageProcessor.ImageProcessor object at 0x12caecf70>, resonance, (<Figure size 1200x600 with 2 Axes>, array([<AxesSubplot:>, <AxesSubplot:>], dtype=object)), <PIL.Image.Image image mode=L size=280x482 at 0x11FFDDE70>)
2022-03-16 13:50:11,716 - ImageProcessor - INFO : Image resonance/gamma
2022-03-16 13:50:11,716 - ImageProcessor - INFO : Image resonance/gamma
2022-03-16 13:50:11,716 - ImageProcessor - DEBUG : ...connect(<ImageProcessor.ImageProcessor object at 0x12caecf70>)
2022-03-16 13:50:11,716 - ImageProcessor - DEBUG : ...connect(<ImageProcessor.ImageProcessor object at 0x12caecf70>)
2022-03-16 13:50:12,610 - ImageProcessor - DEBUG : ...mouseClick(<ImageProcessor.ImageProcessor object at 0x12caecf70>, button_press_event: xy=(569, 885) xydata=(59.308933490751684, 88.7012987012987) button=1 dblclick=0 inaxes=AxesSubplot(0.189311,0.11;0.223651x0.77))
2022-03-16 13:50:12,610 - ImageProcessor - DEBUG : ...mouseClick(<ImageProcessor.ImageProcessor object at 0x12caecf70>, button_press_event: xy=(569, 885) xydata=(59.308933490751684, 88.7012987012987) button=1 dblclick=0 inaxes=AxesSubplot(0.189311,0.11;0.223651x0.77))
2022-03-16 13:50:12,610 - ImageProcessor - DEBUG : ...update_fig(<ImageProcessor.ImageProcessor object at 0x12caecf70>, 59.308933490751684, 88.7012987012987)
2022-03-16 13:50:12,610 - ImageProcessor - DEBUG : ...update_fig(<ImageProcessor.ImageProcessor object at 0x12caecf70>, 59.308933490751684, 88.7012987012987)
2022-03-16 13:50:12,610 - ImageProcessor - DEBUG : ...add_data(<ImageProcessor.ImageProcessor object at 0x12caecf70>, 59.308933490751684, 88.7012987012987)
2022-03-16 13:50:12,610 - ImageProcessor - DEBUG : ...add_data(<ImageProcessor.ImageProcessor object at 0x12caecf70>, 59.308933490751684, 88.7012987012987)
2022-03-16 13:50:13,197 - ImageProcessor - DEBUG : ...mouseClick(<ImageProcessor.ImageProcessor object at 0x12caecf70>, button_press_event: xy=(954, 639) xydata=(260.142266824085, 217.02597402597405) button=1 dblclick=0 inaxes=AxesSubplot(0.189311,0.11;0.223651x0.77))
2022-03-16 13:50:13,197 - ImageProcessor - DEBUG : ...mouseClick(<ImageProcessor.ImageProcessor object at 0x12caecf70>, button_press_event: xy=(954, 639) xydata=(260.142266824085, 217.02597402597405) button=1 dblclick=0 inaxes=AxesSubplot(0.189311,0.11;0.223651x0.77))
2022-03-16 13:50:13,197 - ImageProcessor - DEBUG : ...update_fig(<ImageProcessor.ImageProcessor object at 0x12caecf70>, 260.142266824085, 217.02597402597405)
2022-03-16 13:50:13,197 - ImageProcessor - DEBUG : ...update_fig(<ImageProcessor.ImageProcessor object at 0x12caecf70>, 260.142266824085, 217.02597402597405)
2022-03-16 13:50:13,201 - ImageProcessor - DEBUG : ...add_data(<ImageProcessor.ImageProcessor object at 0x12caecf70>, 260.142266824085, 217.02597402597405)
2022-03-16 13:50:13,201 - ImageProcessor - DEBUG : ...add_data(<ImageProcessor.ImageProcessor object at 0x12caecf70>, 260.142266824085, 217.02597402597405)
2022-03-16 13:50:13,700 - ImageProcessor - DEBUG : ...keyPress(<ImageProcessor.ImageProcessor object at 0x12caecf70>, key: enter)
2022-03-16 13:50:13,700 - ImageProcessor - DEBUG : ...keyPress(<ImageProcessor.ImageProcessor object at 0x12caecf70>, key: enter)
2022-03-16 13:50:13,703 - ImageProcessor - DEBUG : ...get_initial_values(<ImageProcessor.ImageProcessor object at 0x12caecf70>)
2022-03-16 13:50:13,703 - ImageProcessor - DEBUG : ...get_initial_values(<ImageProcessor.ImageProcessor object at 0x12caecf70>)
2022-03-16 13:50:13,703 - ImageProcessor - DEBUG : ...get_initial_values(<ImageProcessor.ImageProcessor object at 0x12caecf70>)
2022-03-16 13:50:13,703 - ImageProcessor - DEBUG : ...get_initial_values(<ImageProcessor.ImageProcessor object at 0x12caecf70>)
2022-03-16 13:50:13,703 - ROImulti - DEBUG : Resonance/Gamma selection
2022-03-16 13:50:13,703 - ROImulti - DEBUG : Resonance/Gamma selection
2022-03-16 13:50:13,703 - ROImulti - DEBUG : ...create_ROI_data(<ROImulti.ROImulti object at 0x11ffa8310>, <PIL.PngImagePlugin.PngImageFile image mode=L size=2592x1944 at 0x11FFAB610>, plot=False)
2022-03-16 13:50:13,703 - ROImulti - DEBUG : ...create_ROI_data(<ROImulti.ROImulti object at 0x11ffa8310>, <PIL.PngImagePlugin.PngImageFile image mode=L size=2592x1944 at 0x11FFAB610>, plot=False)
2022-03-16 13:50:13,705 - ROImulti - DEBUG : ...process_ROI(<ROImulti.ROImulti object at 0x11ffa8310>, plot=False)
2022-03-16 13:50:13,705 - ROImulti - DEBUG : ...process_ROI(<ROImulti.ROImulti object at 0x11ffa8310>, plot=False)
2022-03-16 13:50:13,725 - ROImulti - DEBUG : set_initial_values(<ROImulti.ROImulti object at 0x11ffa8310>, amp=[-47.023291411059915], assym=[0.0254255258158079],
                         res=[140.4212662912103], gamma=[48.59795306098549], off=[86.45453673343127], FWHM=[-1.7482900835701913],
                         r2=[0.9358510838541874])
2022-03-16 13:50:13,725 - ROImulti - DEBUG : set_initial_values(<ROImulti.ROImulti object at 0x11ffa8310>, amp=[-47.023291411059915], assym=[0.0254255258158079],
                         res=[140.4212662912103], gamma=[48.59795306098549], off=[86.45453673343127], FWHM=[-1.7482900835701913],
                         r2=[0.9358510838541874])
2022-03-16 13:50:13,729 - ROImulti - DEBUG : set_initial_values(<ROImulti.ROImulti object at 0x11ffa8310>, amp=[-47.023291411059915, -71.69430187746613], assym=[0.0254255258158079, 0.09246308999878267],
                         res=[140.4212662912103, 166.6214957010272], gamma=[48.59795306098549, 39.02292171116092], off=[86.45453673343127, 112.83188928792691], FWHM=[-1.7482900835701913, -5.13558485883489],
                         r2=[0.9358510838541874, 0.984028328972505])
2022-03-16 13:50:13,729 - ROImulti - DEBUG : set_initial_values(<ROImulti.ROImulti object at 0x11ffa8310>, amp=[-47.023291411059915, -71.69430187746613], assym=[0.0254255258158079, 0.09246308999878267],
                         res=[140.4212662912103, 166.6214957010272], gamma=[48.59795306098549, 39.02292171116092], off=[86.45453673343127, 112.83188928792691], FWHM=[-1.7482900835701913, -5.13558485883489],
                         r2=[0.9358510838541874, 0.984028328972505])
2022-03-16 13:50:13,733 - ROImulti - DEBUG : set_initial_values(<ROImulti.ROImulti object at 0x11ffa8310>, amp=[-47.023291411059915, -71.69430187746613, -82.1738694151138], assym=[0.0254255258158079, 0.09246308999878267, 0.0489508182900652],
                         res=[140.4212662912103, 166.6214957010272, 160.63180011065833], gamma=[48.59795306098549, 39.02292171116092, 39.17006834397824], off=[86.45453673343127, 112.83188928792691, 121.53067818902379], FWHM=[-1.7482900835701913, -5.13558485883489, -2.7165013559008373],
                         r2=[0.9358510838541874, 0.984028328972505, 0.9785690124725421])
2022-03-16 13:50:13,733 - ROImulti - DEBUG : set_initial_values(<ROImulti.ROImulti object at 0x11ffa8310>, amp=[-47.023291411059915, -71.69430187746613, -82.1738694151138], assym=[0.0254255258158079, 0.09246308999878267, 0.0489508182900652],
                         res=[140.4212662912103, 166.6214957010272, 160.63180011065833], gamma=[48.59795306098549, 39.02292171116092, 39.17006834397824], off=[86.45453673343127, 112.83188928792691, 121.53067818902379], FWHM=[-1.7482900835701913, -5.13558485883489, -2.7165013559008373],
                         r2=[0.9358510838541874, 0.984028328972505, 0.9785690124725421])
2022-03-16 13:50:13,736 - ROImulti - DEBUG : set_initial_values(<ROImulti.ROImulti object at 0x11ffa8310>, amp=[-47.023291411059915, -71.69430187746613, -82.1738694151138, -87.48367458717276], assym=[0.0254255258158079, 0.09246308999878267, 0.0489508182900652, 0.02097263085972151],
                         res=[140.4212662912103, 166.6214957010272, 160.63180011065833, 157.81188454420575], gamma=[48.59795306098549, 39.02292171116092, 39.17006834397824, 37.81263863315204], off=[86.45453673343127, 112.83188928792691, 121.53067818902379, 124.8856838849023], FWHM=[-1.7482900835701913, -5.13558485883489, -2.7165013559008373, -1.1218845545508571],
                         r2=[0.9358510838541874, 0.984028328972505, 0.9785690124725421, 0.989681551674592])
2022-03-16 13:50:13,736 - ROImulti - DEBUG : set_initial_values(<ROImulti.ROImulti object at 0x11ffa8310>, amp=[-47.023291411059915, -71.69430187746613, -82.1738694151138, -87.48367458717276], assym=[0.0254255258158079, 0.09246308999878267, 0.0489508182900652, 0.02097263085972151],
                         res=[140.4212662912103, 166.6214957010272, 160.63180011065833, 157.81188454420575], gamma=[48.59795306098549, 39.02292171116092, 39.17006834397824, 37.81263863315204], off=[86.45453673343127, 112.83188928792691, 121.53067818902379, 124.8856838849023], FWHM=[-1.7482900835701913, -5.13558485883489, -2.7165013559008373, -1.1218845545508571],
                         r2=[0.9358510838541874, 0.984028328972505, 0.9785690124725421, 0.989681551674592])
2022-03-16 13:50:13,739 - ROImulti - DEBUG : set_initial_values(<ROImulti.ROImulti object at 0x11ffa8310>, amp=[-47.023291411059915, -71.69430187746613, -82.1738694151138, -87.48367458717276, -88.23687656502479], assym=[0.0254255258158079, 0.09246308999878267, 0.0489508182900652, 0.02097263085972151, -0.05709715436500685],
                         res=[140.4212662912103, 166.6214957010272, 160.63180011065833, 157.81188454420575, 157.59210026583474], gamma=[48.59795306098549, 39.02292171116092, 39.17006834397824, 37.81263863315204, 36.08393456819059], off=[86.45453673343127, 112.83188928792691, 121.53067818902379, 124.8856838849023, 123.14186922774518], FWHM=[-1.7482900835701913, -5.13558485883489, -2.7165013559008373, -1.1218845545508571, -2.920824856249191],
                         r2=[0.9358510838541874, 0.984028328972505, 0.9785690124725421, 0.989681551674592, 0.9864862828971833])
2022-03-16 13:50:13,739 - ROImulti - DEBUG : set_initial_values(<ROImulti.ROImulti object at 0x11ffa8310>, amp=[-47.023291411059915, -71.69430187746613, -82.1738694151138, -87.48367458717276, -88.23687656502479], assym=[0.0254255258158079, 0.09246308999878267, 0.0489508182900652, 0.02097263085972151, -0.05709715436500685],
                         res=[140.4212662912103, 166.6214957010272, 160.63180011065833, 157.81188454420575, 157.59210026583474], gamma=[48.59795306098549, 39.02292171116092, 39.17006834397824, 37.81263863315204, 36.08393456819059], off=[86.45453673343127, 112.83188928792691, 121.53067818902379, 124.8856838849023, 123.14186922774518], FWHM=[-1.7482900835701913, -5.13558485883489, -2.7165013559008373, -1.1218845545508571, -2.920824856249191],
                         r2=[0.9358510838541874, 0.984028328972505, 0.9785690124725421, 0.989681551674592, 0.9864862828971833])
2022-03-16 13:50:13,739 - ROImulti - DEBUG : ...set_initial_ROI({self}, {im})
2022-03-16 13:50:13,739 - ROImulti - DEBUG : ...set_initial_ROI({self}, {im})
2022-03-16 13:50:13,810 - ImageProcessor - DEBUG : ...__init__(<ImageProcessor.ImageProcessor object at 0x1369c2800>, crop, (<Figure size 1200x600 with 2 Axes>, array([<AxesSubplot:>, <AxesSubplot:>], dtype=object)), <PIL.Image.Image image mode=L size=2592x1944 at 0x11FFDDE70>)
2022-03-16 13:50:13,810 - ImageProcessor - DEBUG : ...__init__(<ImageProcessor.ImageProcessor object at 0x1369c2800>, crop, (<Figure size 1200x600 with 2 Axes>, array([<AxesSubplot:>, <AxesSubplot:>], dtype=object)), <PIL.Image.Image image mode=L size=2592x1944 at 0x11FFDDE70>)
2022-03-16 13:50:13,810 - ImageProcessor - DEBUG : ...__init__(<ImageProcessor.ImageProcessor object at 0x1369c2800>, crop, (<Figure size 1200x600 with 2 Axes>, array([<AxesSubplot:>, <AxesSubplot:>], dtype=object)), <PIL.Image.Image image mode=L size=2592x1944 at 0x11FFDDE70>)
2022-03-16 13:50:13,810 - ImageProcessor - INFO : Image crop
2022-03-16 13:50:13,810 - ImageProcessor - INFO : Image crop
2022-03-16 13:50:13,810 - ImageProcessor - INFO : Image crop
2022-03-16 13:50:13,810 - ImageProcessor - DEBUG : ...connect(<ImageProcessor.ImageProcessor object at 0x1369c2800>)
2022-03-16 13:50:13,810 - ImageProcessor - DEBUG : ...connect(<ImageProcessor.ImageProcessor object at 0x1369c2800>)
2022-03-16 13:50:13,810 - ImageProcessor - DEBUG : ...connect(<ImageProcessor.ImageProcessor object at 0x1369c2800>)
2022-03-16 13:50:15,839 - ImageProcessor - DEBUG : ...mouseClick(<ImageProcessor.ImageProcessor object at 0x1369c2800>, button_press_event: xy=(1039, 1008) xydata=(1516.2178276269192, 100.48701298701326) button=1 dblclick=0 inaxes=AxesSubplot(0.132538,0.11;0.513333x0.77))
2022-03-16 13:50:15,839 - ImageProcessor - DEBUG : ...mouseClick(<ImageProcessor.ImageProcessor object at 0x1369c2800>, button_press_event: xy=(1039, 1008) xydata=(1516.2178276269192, 100.48701298701326) button=1 dblclick=0 inaxes=AxesSubplot(0.132538,0.11;0.513333x0.77))
2022-03-16 13:50:15,839 - ImageProcessor - DEBUG : ...mouseClick(<ImageProcessor.ImageProcessor object at 0x1369c2800>, button_press_event: xy=(1039, 1008) xydata=(1516.2178276269192, 100.48701298701326) button=1 dblclick=0 inaxes=AxesSubplot(0.132538,0.11;0.513333x0.77))
2022-03-16 13:50:15,839 - ImageProcessor - DEBUG : ...update_fig(<ImageProcessor.ImageProcessor object at 0x1369c2800>, 1516.2178276269192, 100.48701298701326)
2022-03-16 13:50:15,839 - ImageProcessor - DEBUG : ...update_fig(<ImageProcessor.ImageProcessor object at 0x1369c2800>, 1516.2178276269192, 100.48701298701326)
2022-03-16 13:50:15,839 - ImageProcessor - DEBUG : ...update_fig(<ImageProcessor.ImageProcessor object at 0x1369c2800>, 1516.2178276269192, 100.48701298701326)
2022-03-16 13:50:15,840 - ImageProcessor - DEBUG : ...add_data(<ImageProcessor.ImageProcessor object at 0x1369c2800>, 1516.2178276269192, 100.48701298701326)
2022-03-16 13:50:15,840 - ImageProcessor - DEBUG : ...add_data(<ImageProcessor.ImageProcessor object at 0x1369c2800>, 1516.2178276269192, 100.48701298701326)
2022-03-16 13:50:15,840 - ImageProcessor - DEBUG : ...add_data(<ImageProcessor.ImageProcessor object at 0x1369c2800>, 1516.2178276269192, 100.48701298701326)
2022-03-16 13:50:16,472 - ImageProcessor - DEBUG : ...mouseClick(<ImageProcessor.ImageProcessor object at 0x1369c2800>, button_press_event: xy=(1144, 784) xydata=(1737.1269185360102, 571.7597402597407) button=1 dblclick=0 inaxes=AxesSubplot(0.132538,0.11;0.513333x0.77))
2022-03-16 13:50:16,472 - ImageProcessor - DEBUG : ...mouseClick(<ImageProcessor.ImageProcessor object at 0x1369c2800>, button_press_event: xy=(1144, 784) xydata=(1737.1269185360102, 571.7597402597407) button=1 dblclick=0 inaxes=AxesSubplot(0.132538,0.11;0.513333x0.77))
2022-03-16 13:50:16,472 - ImageProcessor - DEBUG : ...mouseClick(<ImageProcessor.ImageProcessor object at 0x1369c2800>, button_press_event: xy=(1144, 784) xydata=(1737.1269185360102, 571.7597402597407) button=1 dblclick=0 inaxes=AxesSubplot(0.132538,0.11;0.513333x0.77))
2022-03-16 13:50:16,473 - ImageProcessor - DEBUG : ...update_fig(<ImageProcessor.ImageProcessor object at 0x1369c2800>, 1737.1269185360102, 571.7597402597407)
2022-03-16 13:50:16,473 - ImageProcessor - DEBUG : ...update_fig(<ImageProcessor.ImageProcessor object at 0x1369c2800>, 1737.1269185360102, 571.7597402597407)
2022-03-16 13:50:16,473 - ImageProcessor - DEBUG : ...update_fig(<ImageProcessor.ImageProcessor object at 0x1369c2800>, 1737.1269185360102, 571.7597402597407)
2022-03-16 13:50:16,479 - ImageProcessor - DEBUG : ...add_data(<ImageProcessor.ImageProcessor object at 0x1369c2800>, 1737.1269185360102, 571.7597402597407)
2022-03-16 13:50:16,479 - ImageProcessor - DEBUG : ...add_data(<ImageProcessor.ImageProcessor object at 0x1369c2800>, 1737.1269185360102, 571.7597402597407)
2022-03-16 13:50:16,479 - ImageProcessor - DEBUG : ...add_data(<ImageProcessor.ImageProcessor object at 0x1369c2800>, 1737.1269185360102, 571.7597402597407)
2022-03-16 13:50:16,971 - ImageProcessor - DEBUG : ...keyPress(<ImageProcessor.ImageProcessor object at 0x1369c2800>, key: enter)
2022-03-16 13:50:16,971 - ImageProcessor - DEBUG : ...keyPress(<ImageProcessor.ImageProcessor object at 0x1369c2800>, key: enter)
2022-03-16 13:50:16,971 - ImageProcessor - DEBUG : ...keyPress(<ImageProcessor.ImageProcessor object at 0x1369c2800>, key: enter)
2022-03-16 13:50:16,975 - ImageProcessor - DEBUG : ...get_coords(<ImageProcessor.ImageProcessor object at 0x1369c2800>)
2022-03-16 13:50:16,975 - ImageProcessor - DEBUG : ...get_coords(<ImageProcessor.ImageProcessor object at 0x1369c2800>)
2022-03-16 13:50:16,975 - ImageProcessor - DEBUG : ...get_coords(<ImageProcessor.ImageProcessor object at 0x1369c2800>)
2022-03-16 13:50:16,975 - ROImulti - DEBUG : ROI selection
2022-03-16 13:50:16,975 - ROImulti - DEBUG : ROI selection
2022-03-16 13:50:17,013 - ImageProcessor - DEBUG : ...__init__(<ImageProcessor.ImageProcessor object at 0x13a475120>, resonance, (<Figure size 1200x600 with 2 Axes>, array([<AxesSubplot:>, <AxesSubplot:>], dtype=object)), <PIL.Image.Image image mode=L size=221x472 at 0x13A45A3E0>)
2022-03-16 13:50:17,013 - ImageProcessor - DEBUG : ...__init__(<ImageProcessor.ImageProcessor object at 0x13a475120>, resonance, (<Figure size 1200x600 with 2 Axes>, array([<AxesSubplot:>, <AxesSubplot:>], dtype=object)), <PIL.Image.Image image mode=L size=221x472 at 0x13A45A3E0>)
2022-03-16 13:50:17,013 - ImageProcessor - DEBUG : ...__init__(<ImageProcessor.ImageProcessor object at 0x13a475120>, resonance, (<Figure size 1200x600 with 2 Axes>, array([<AxesSubplot:>, <AxesSubplot:>], dtype=object)), <PIL.Image.Image image mode=L size=221x472 at 0x13A45A3E0>)
2022-03-16 13:50:17,013 - ImageProcessor - DEBUG : ...__init__(<ImageProcessor.ImageProcessor object at 0x13a475120>, resonance, (<Figure size 1200x600 with 2 Axes>, array([<AxesSubplot:>, <AxesSubplot:>], dtype=object)), <PIL.Image.Image image mode=L size=221x472 at 0x13A45A3E0>)
2022-03-16 13:50:17,013 - ImageProcessor - INFO : Image resonance/gamma
2022-03-16 13:50:17,013 - ImageProcessor - INFO : Image resonance/gamma
2022-03-16 13:50:17,013 - ImageProcessor - INFO : Image resonance/gamma
2022-03-16 13:50:17,013 - ImageProcessor - INFO : Image resonance/gamma
2022-03-16 13:50:17,014 - ImageProcessor - DEBUG : ...connect(<ImageProcessor.ImageProcessor object at 0x13a475120>)
2022-03-16 13:50:17,014 - ImageProcessor - DEBUG : ...connect(<ImageProcessor.ImageProcessor object at 0x13a475120>)
2022-03-16 13:50:17,014 - ImageProcessor - DEBUG : ...connect(<ImageProcessor.ImageProcessor object at 0x13a475120>)
2022-03-16 13:50:17,014 - ImageProcessor - DEBUG : ...connect(<ImageProcessor.ImageProcessor object at 0x13a475120>)
2022-03-16 13:50:17,879 - ImageProcessor - DEBUG : ...mouseClick(<ImageProcessor.ImageProcessor object at 0x13a475120>, button_press_event: xy=(571, 847) xydata=(32.49429358520274, 106.26190476190476) button=1 dblclick=0 inaxes=AxesSubplot(0.211004,0.11;0.180265x0.77))
2022-03-16 13:50:17,879 - ImageProcessor - DEBUG : ...mouseClick(<ImageProcessor.ImageProcessor object at 0x13a475120>, button_press_event: xy=(571, 847) xydata=(32.49429358520274, 106.26190476190476) button=1 dblclick=0 inaxes=AxesSubplot(0.211004,0.11;0.180265x0.77))
2022-03-16 13:50:17,879 - ImageProcessor - DEBUG : ...mouseClick(<ImageProcessor.ImageProcessor object at 0x13a475120>, button_press_event: xy=(571, 847) xydata=(32.49429358520274, 106.26190476190476) button=1 dblclick=0 inaxes=AxesSubplot(0.211004,0.11;0.180265x0.77))
2022-03-16 13:50:17,879 - ImageProcessor - DEBUG : ...mouseClick(<ImageProcessor.ImageProcessor object at 0x13a475120>, button_press_event: xy=(571, 847) xydata=(32.49429358520274, 106.26190476190476) button=1 dblclick=0 inaxes=AxesSubplot(0.211004,0.11;0.180265x0.77))
2022-03-16 13:50:17,879 - ImageProcessor - DEBUG : ...update_fig(<ImageProcessor.ImageProcessor object at 0x13a475120>, 32.49429358520274, 106.26190476190476)
2022-03-16 13:50:17,879 - ImageProcessor - DEBUG : ...update_fig(<ImageProcessor.ImageProcessor object at 0x13a475120>, 32.49429358520274, 106.26190476190476)
2022-03-16 13:50:17,879 - ImageProcessor - DEBUG : ...update_fig(<ImageProcessor.ImageProcessor object at 0x13a475120>, 32.49429358520274, 106.26190476190476)
2022-03-16 13:50:17,879 - ImageProcessor - DEBUG : ...update_fig(<ImageProcessor.ImageProcessor object at 0x13a475120>, 32.49429358520274, 106.26190476190476)
2022-03-16 13:50:17,879 - ImageProcessor - DEBUG : ...add_data(<ImageProcessor.ImageProcessor object at 0x13a475120>, 32.49429358520274, 106.26190476190476)
2022-03-16 13:50:17,879 - ImageProcessor - DEBUG : ...add_data(<ImageProcessor.ImageProcessor object at 0x13a475120>, 32.49429358520274, 106.26190476190476)
2022-03-16 13:50:17,879 - ImageProcessor - DEBUG : ...add_data(<ImageProcessor.ImageProcessor object at 0x13a475120>, 32.49429358520274, 106.26190476190476)
2022-03-16 13:50:17,879 - ImageProcessor - DEBUG : ...add_data(<ImageProcessor.ImageProcessor object at 0x13a475120>, 32.49429358520274, 106.26190476190476)
2022-03-16 13:50:18,419 - ImageProcessor - DEBUG : ...mouseClick(<ImageProcessor.ImageProcessor object at 0x13a475120>, button_press_event: xy=(852, 623) xydata=(176.03541912632824, 220.6861471861472) button=1 dblclick=0 inaxes=AxesSubplot(0.211004,0.11;0.180265x0.77))
2022-03-16 13:50:18,419 - ImageProcessor - DEBUG : ...mouseClick(<ImageProcessor.ImageProcessor object at 0x13a475120>, button_press_event: xy=(852, 623) xydata=(176.03541912632824, 220.6861471861472) button=1 dblclick=0 inaxes=AxesSubplot(0.211004,0.11;0.180265x0.77))
2022-03-16 13:50:18,419 - ImageProcessor - DEBUG : ...mouseClick(<ImageProcessor.ImageProcessor object at 0x13a475120>, button_press_event: xy=(852, 623) xydata=(176.03541912632824, 220.6861471861472) button=1 dblclick=0 inaxes=AxesSubplot(0.211004,0.11;0.180265x0.77))
2022-03-16 13:50:18,419 - ImageProcessor - DEBUG : ...mouseClick(<ImageProcessor.ImageProcessor object at 0x13a475120>, button_press_event: xy=(852, 623) xydata=(176.03541912632824, 220.6861471861472) button=1 dblclick=0 inaxes=AxesSubplot(0.211004,0.11;0.180265x0.77))
2022-03-16 13:50:18,419 - ImageProcessor - DEBUG : ...update_fig(<ImageProcessor.ImageProcessor object at 0x13a475120>, 176.03541912632824, 220.6861471861472)
2022-03-16 13:50:18,419 - ImageProcessor - DEBUG : ...update_fig(<ImageProcessor.ImageProcessor object at 0x13a475120>, 176.03541912632824, 220.6861471861472)
2022-03-16 13:50:18,419 - ImageProcessor - DEBUG : ...update_fig(<ImageProcessor.ImageProcessor object at 0x13a475120>, 176.03541912632824, 220.6861471861472)
2022-03-16 13:50:18,419 - ImageProcessor - DEBUG : ...update_fig(<ImageProcessor.ImageProcessor object at 0x13a475120>, 176.03541912632824, 220.6861471861472)
2022-03-16 13:50:18,423 - ImageProcessor - DEBUG : ...add_data(<ImageProcessor.ImageProcessor object at 0x13a475120>, 176.03541912632824, 220.6861471861472)
2022-03-16 13:50:18,423 - ImageProcessor - DEBUG : ...add_data(<ImageProcessor.ImageProcessor object at 0x13a475120>, 176.03541912632824, 220.6861471861472)
2022-03-16 13:50:18,423 - ImageProcessor - DEBUG : ...add_data(<ImageProcessor.ImageProcessor object at 0x13a475120>, 176.03541912632824, 220.6861471861472)
2022-03-16 13:50:18,423 - ImageProcessor - DEBUG : ...add_data(<ImageProcessor.ImageProcessor object at 0x13a475120>, 176.03541912632824, 220.6861471861472)
2022-03-16 13:50:18,984 - ImageProcessor - DEBUG : ...keyPress(<ImageProcessor.ImageProcessor object at 0x13a475120>, key: enter)
2022-03-16 13:50:18,984 - ImageProcessor - DEBUG : ...keyPress(<ImageProcessor.ImageProcessor object at 0x13a475120>, key: enter)
2022-03-16 13:50:18,984 - ImageProcessor - DEBUG : ...keyPress(<ImageProcessor.ImageProcessor object at 0x13a475120>, key: enter)
2022-03-16 13:50:18,984 - ImageProcessor - DEBUG : ...keyPress(<ImageProcessor.ImageProcessor object at 0x13a475120>, key: enter)
2022-03-16 13:50:18,987 - ImageProcessor - DEBUG : ...get_initial_values(<ImageProcessor.ImageProcessor object at 0x13a475120>)
2022-03-16 13:50:18,987 - ImageProcessor - DEBUG : ...get_initial_values(<ImageProcessor.ImageProcessor object at 0x13a475120>)
2022-03-16 13:50:18,987 - ImageProcessor - DEBUG : ...get_initial_values(<ImageProcessor.ImageProcessor object at 0x13a475120>)
2022-03-16 13:50:18,987 - ImageProcessor - DEBUG : ...get_initial_values(<ImageProcessor.ImageProcessor object at 0x13a475120>)
2022-03-16 13:50:18,987 - ImageProcessor - DEBUG : ...get_initial_values(<ImageProcessor.ImageProcessor object at 0x13a475120>)
2022-03-16 13:50:18,987 - ImageProcessor - DEBUG : ...get_initial_values(<ImageProcessor.ImageProcessor object at 0x13a475120>)
2022-03-16 13:50:18,987 - ImageProcessor - DEBUG : ...get_initial_values(<ImageProcessor.ImageProcessor object at 0x13a475120>)
2022-03-16 13:50:18,987 - ImageProcessor - DEBUG : ...get_initial_values(<ImageProcessor.ImageProcessor object at 0x13a475120>)
2022-03-16 13:50:18,987 - ROImulti - DEBUG : Resonance/Gamma selection
2022-03-16 13:50:18,987 - ROImulti - DEBUG : Resonance/Gamma selection
2022-03-16 13:50:18,987 - ROImulti - DEBUG : ...create_ROI_data(<ROImulti.ROImulti object at 0x11ffa8580>, <PIL.PngImagePlugin.PngImageFile image mode=L size=2592x1944 at 0x11FFAB610>, plot=False)
2022-03-16 13:50:18,987 - ROImulti - DEBUG : ...create_ROI_data(<ROImulti.ROImulti object at 0x11ffa8580>, <PIL.PngImagePlugin.PngImageFile image mode=L size=2592x1944 at 0x11FFAB610>, plot=False)
2022-03-16 13:50:18,989 - ROImulti - DEBUG : ...process_ROI(<ROImulti.ROImulti object at 0x11ffa8580>, plot=False)
2022-03-16 13:50:18,989 - ROImulti - DEBUG : ...process_ROI(<ROImulti.ROImulti object at 0x11ffa8580>, plot=False)
2022-03-16 13:50:18,995 - ROImulti - DEBUG : set_initial_values(<ROImulti.ROImulti object at 0x11ffa8580>, amp=[-80.43815756338766], assym=[0.07884767445833679],
                         res=[186.11911092540242], gamma=[37.84143859650347], off=[125.49684100474093], FWHM=[-4.239333399941335],
                         r2=[0.9919862218890219])
2022-03-16 13:50:18,995 - ROImulti - DEBUG : set_initial_values(<ROImulti.ROImulti object at 0x11ffa8580>, amp=[-80.43815756338766], assym=[0.07884767445833679],
                         res=[186.11911092540242], gamma=[37.84143859650347], off=[125.49684100474093], FWHM=[-4.239333399941335],
                         r2=[0.9919862218890219])
2022-03-16 13:50:18,999 - ROImulti - DEBUG : set_initial_values(<ROImulti.ROImulti object at 0x11ffa8580>, amp=[-80.43815756338766, -101.07496296055568], assym=[0.07884767445833679, 0.07817360473761888],
                         res=[186.11911092540242, 182.75548302732287], gamma=[37.84143859650347, 33.31607602437079], off=[125.49684100474093, 146.29347861447837], FWHM=[-4.239333399941335, -3.7001601158727833],
                         r2=[0.9919862218890219, 0.9879768653665619])
2022-03-16 13:50:18,999 - ROImulti - DEBUG : set_initial_values(<ROImulti.ROImulti object at 0x11ffa8580>, amp=[-80.43815756338766, -101.07496296055568], assym=[0.07884767445833679, 0.07817360473761888],
                         res=[186.11911092540242, 182.75548302732287], gamma=[37.84143859650347, 33.31607602437079], off=[125.49684100474093, 146.29347861447837], FWHM=[-4.239333399941335, -3.7001601158727833],
                         r2=[0.9919862218890219, 0.9879768653665619])
2022-03-16 13:50:19,001 - ROImulti - DEBUG : set_initial_values(<ROImulti.ROImulti object at 0x11ffa8580>, amp=[-80.43815756338766, -101.07496296055568, -110.71894990547113], assym=[0.07884767445833679, 0.07817360473761888, 0.07518644936082458],
                         res=[186.11911092540242, 182.75548302732287, 178.15424873905366], gamma=[37.84143859650347, 33.31607602437079, 33.32584356105245], off=[125.49684100474093, 146.29347861447837, 152.95647377826435], FWHM=[-4.239333399941335, -3.7001601158727833, -3.558589542577297],
                         r2=[0.9919862218890219, 0.9879768653665619, 0.9899404764851282])
2022-03-16 13:50:19,001 - ROImulti - DEBUG : set_initial_values(<ROImulti.ROImulti object at 0x11ffa8580>, amp=[-80.43815756338766, -101.07496296055568, -110.71894990547113], assym=[0.07884767445833679, 0.07817360473761888, 0.07518644936082458],
                         res=[186.11911092540242, 182.75548302732287, 178.15424873905366], gamma=[37.84143859650347, 33.31607602437079, 33.32584356105245], off=[125.49684100474093, 146.29347861447837, 152.95647377826435], FWHM=[-4.239333399941335, -3.7001601158727833, -3.558589542577297],
                         r2=[0.9919862218890219, 0.9879768653665619, 0.9899404764851282])
2022-03-16 13:50:19,004 - ROImulti - DEBUG : set_initial_values(<ROImulti.ROImulti object at 0x11ffa8580>, amp=[-80.43815756338766, -101.07496296055568, -110.71894990547113, -97.89853335680658], assym=[0.07884767445833679, 0.07817360473761888, 0.07518644936082458, 0.07135480687819212],
                         res=[186.11911092540242, 182.75548302732287, 178.15424873905366, 171.84215501345116], gamma=[37.84143859650347, 33.31607602437079, 33.32584356105245, 33.673590768988134], off=[125.49684100474093, 146.29347861447837, 152.95647377826435, 140.25571671362974], FWHM=[-4.239333399941335, -3.7001601158727833, -3.558589542577297, -3.411039749189595],
                         r2=[0.9919862218890219, 0.9879768653665619, 0.9899404764851282, 0.9846906123829078])
2022-03-16 13:50:19,004 - ROImulti - DEBUG : set_initial_values(<ROImulti.ROImulti object at 0x11ffa8580>, amp=[-80.43815756338766, -101.07496296055568, -110.71894990547113, -97.89853335680658], assym=[0.07884767445833679, 0.07817360473761888, 0.07518644936082458, 0.07135480687819212],
                         res=[186.11911092540242, 182.75548302732287, 178.15424873905366, 171.84215501345116], gamma=[37.84143859650347, 33.31607602437079, 33.32584356105245, 33.673590768988134], off=[125.49684100474093, 146.29347861447837, 152.95647377826435, 140.25571671362974], FWHM=[-4.239333399941335, -3.7001601158727833, -3.558589542577297, -3.411039749189595],
                         r2=[0.9919862218890219, 0.9879768653665619, 0.9899404764851282, 0.9846906123829078])
2022-03-16 13:50:19,007 - ROImulti - DEBUG : set_initial_values(<ROImulti.ROImulti object at 0x11ffa8580>, amp=[-80.43815756338766, -101.07496296055568, -110.71894990547113, -97.89853335680658, -102.57918158185721], assym=[0.07884767445833679, 0.07817360473761888, 0.07518644936082458, 0.07135480687819212, 0.04700528721903288],
                         res=[186.11911092540242, 182.75548302732287, 178.15424873905366, 171.84215501345116, 168.99546442330396], gamma=[37.84143859650347, 33.31607602437079, 33.32584356105245, 33.673590768988134, 34.01492797421816], off=[125.49684100474093, 146.29347861447837, 152.95647377826435, 140.25571671362974, 145.27444520805085], FWHM=[-4.239333399941335, -3.7001601158727833, -3.558589542577297, -3.411039749189595, -2.264910662581115],
                         r2=[0.9919862218890219, 0.9879768653665619, 0.9899404764851282, 0.9846906123829078, 0.9923998055568453])
2022-03-16 13:50:19,007 - ROImulti - DEBUG : set_initial_values(<ROImulti.ROImulti object at 0x11ffa8580>, amp=[-80.43815756338766, -101.07496296055568, -110.71894990547113, -97.89853335680658, -102.57918158185721], assym=[0.07884767445833679, 0.07817360473761888, 0.07518644936082458, 0.07135480687819212, 0.04700528721903288],
                         res=[186.11911092540242, 182.75548302732287, 178.15424873905366, 171.84215501345116, 168.99546442330396], gamma=[37.84143859650347, 33.31607602437079, 33.32584356105245, 33.673590768988134, 34.01492797421816], off=[125.49684100474093, 146.29347861447837, 152.95647377826435, 140.25571671362974, 145.27444520805085], FWHM=[-4.239333399941335, -3.7001601158727833, -3.558589542577297, -3.411039749189595, -2.264910662581115],
                         r2=[0.9919862218890219, 0.9879768653665619, 0.9899404764851282, 0.9846906123829078, 0.9923998055568453])
2022-03-16 13:50:19,018 - __main__ - DEBUG : Images found to PNG format
2022-03-16 13:50:19,026 - __main__ - INFO : Loading data took: -0.0003802s
2022-03-16 13:50:19,026 - ROImulti - DEBUG : ...set_initial_ROI({self}, {im})
2022-03-16 13:50:19,026 - ROImulti - DEBUG : ...set_initial_ROI({self}, {im})
2022-03-16 13:50:19,026 - ROImulti - DEBUG : ...create_ROI_data(<ROImulti.ROImulti object at 0x11ffa8310>, <PIL.PngImagePlugin.PngImageFile image mode=L size=2592x1944 at 0x13A4F62F0>, plot=False)
2022-03-16 13:50:19,026 - ROImulti - DEBUG : ...create_ROI_data(<ROImulti.ROImulti object at 0x11ffa8310>, <PIL.PngImagePlugin.PngImageFile image mode=L size=2592x1944 at 0x13A4F62F0>, plot=False)
2022-03-16 13:50:19,089 - ROImulti - DEBUG : ...process_ROI(<ROImulti.ROImulti object at 0x11ffa8310>, plot=False)
2022-03-16 13:50:19,089 - ROImulti - DEBUG : ...process_ROI(<ROImulti.ROImulti object at 0x11ffa8310>, plot=False)
2022-03-16 13:50:19,094 - ROImulti - DEBUG : set_initial_values(<ROImulti.ROImulti object at 0x11ffa8310>, amp=[-47.12675156036783], assym=[0.026921421916980836],
                         res=[140.6411415346377], gamma=[48.446407820954406], off=[86.4895860987081], FWHM=[-1.845485586637701],
                         r2=[0.9357141149357915])
2022-03-16 13:50:19,094 - ROImulti - DEBUG : set_initial_values(<ROImulti.ROImulti object at 0x11ffa8310>, amp=[-47.12675156036783], assym=[0.026921421916980836],
                         res=[140.6411415346377], gamma=[48.446407820954406], off=[86.4895860987081], FWHM=[-1.845485586637701],
                         r2=[0.9357141149357915])
2022-03-16 13:50:19,098 - ROImulti - DEBUG : set_initial_values(<ROImulti.ROImulti object at 0x11ffa8310>, amp=[-47.12675156036783, -71.83066284538273], assym=[0.026921421916980836, 0.09220627559516237],
                         res=[140.6411415346377, 166.50386121333358], gamma=[48.446407820954406, 38.97444451861441], off=[86.4895860987081, 112.89247898194914], FWHM=[-1.845485586637701, -5.114776591400097],
                         r2=[0.9357141149357915, 0.9838718057394314])
2022-03-16 13:50:19,098 - ROImulti - DEBUG : set_initial_values(<ROImulti.ROImulti object at 0x11ffa8310>, amp=[-47.12675156036783, -71.83066284538273], assym=[0.026921421916980836, 0.09220627559516237],
                         res=[140.6411415346377, 166.50386121333358], gamma=[48.446407820954406, 38.97444451861441], off=[86.4895860987081, 112.89247898194914], FWHM=[-1.845485586637701, -5.114776591400097],
                         r2=[0.9357141149357915, 0.9838718057394314])
2022-03-16 13:50:19,102 - ROImulti - DEBUG : set_initial_values(<ROImulti.ROImulti object at 0x11ffa8310>, amp=[-47.12675156036783, -71.83066284538273, -82.17169339762103], assym=[0.026921421916980836, 0.09220627559516237, 0.04906599028551967],
                         res=[140.6411415346377, 166.50386121333358, 160.5804961960347], gamma=[48.446407820954406, 38.97444451861441, 39.09429400364815], off=[86.4895860987081, 112.89247898194914, 121.46010195184594], FWHM=[-1.845485586637701, -5.114776591400097, -2.7176483618185268],
                         r2=[0.9357141149357915, 0.9838718057394314, 0.9786164997818697])
2022-03-16 13:50:19,102 - ROImulti - DEBUG : set_initial_values(<ROImulti.ROImulti object at 0x11ffa8310>, amp=[-47.12675156036783, -71.83066284538273, -82.17169339762103], assym=[0.026921421916980836, 0.09220627559516237, 0.04906599028551967],
                         res=[140.6411415346377, 166.50386121333358, 160.5804961960347], gamma=[48.446407820954406, 38.97444451861441, 39.09429400364815], off=[86.4895860987081, 112.89247898194914, 121.46010195184594], FWHM=[-1.845485586637701, -5.114776591400097, -2.7176483618185268],
                         r2=[0.9357141149357915, 0.9838718057394314, 0.9786164997818697])
2022-03-16 13:50:19,105 - ROImulti - DEBUG : set_initial_values(<ROImulti.ROImulti object at 0x11ffa8310>, amp=[-47.12675156036783, -71.83066284538273, -82.17169339762103, -87.48946844120564], assym=[0.026921421916980836, 0.09220627559516237, 0.04906599028551967, 0.01987348549020834],
                         res=[140.6411415346377, 166.50386121333358, 160.5804961960347, 157.68754487056458], gamma=[48.446407820954406, 38.97444451861441, 39.09429400364815, 37.816247957910726], off=[86.4895860987081, 112.89247898194914, 121.46010195184594, 124.7799004299546], FWHM=[-1.845485586637701, -5.114776591400097, -2.7176483618185268, -1.0631538746179918],
                         r2=[0.9357141149357915, 0.9838718057394314, 0.9786164997818697, 0.989747234890992])
2022-03-16 13:50:19,105 - ROImulti - DEBUG : set_initial_values(<ROImulti.ROImulti object at 0x11ffa8310>, amp=[-47.12675156036783, -71.83066284538273, -82.17169339762103, -87.48946844120564], assym=[0.026921421916980836, 0.09220627559516237, 0.04906599028551967, 0.01987348549020834],
                         res=[140.6411415346377, 166.50386121333358, 160.5804961960347, 157.68754487056458], gamma=[48.446407820954406, 38.97444451861441, 39.09429400364815, 37.816247957910726], off=[86.4895860987081, 112.89247898194914, 121.46010195184594, 124.7799004299546], FWHM=[-1.845485586637701, -5.114776591400097, -2.7176483618185268, -1.0631538746179918],
                         r2=[0.9357141149357915, 0.9838718057394314, 0.9786164997818697, 0.989747234890992])
2022-03-16 13:50:19,108 - ROImulti - DEBUG : set_initial_values(<ROImulti.ROImulti object at 0x11ffa8310>, amp=[-47.12675156036783, -71.83066284538273, -82.17169339762103, -87.48946844120564, -88.30856856127502], assym=[0.026921421916980836, 0.09220627559516237, 0.04906599028551967, 0.01987348549020834, -0.056907567961695237],
                         res=[140.6411415346377, 166.50386121333358, 160.5804961960347, 157.68754487056458, 157.58946459425718], gamma=[48.446407820954406, 38.97444451861441, 39.09429400364815, 37.816247957910726, 36.02267211279431], off=[86.4895860987081, 112.89247898194914, 121.46010195184594, 124.7799004299546, 123.08797898726391], FWHM=[-1.845485586637701, -5.114776591400097, -2.7176483618185268, -1.0631538746179918, -2.9061369201371283],
                         r2=[0.9357141149357915, 0.9838718057394314, 0.9786164997818697, 0.989747234890992, 0.9864420247978953])
2022-03-16 13:50:19,108 - ROImulti - DEBUG : set_initial_values(<ROImulti.ROImulti object at 0x11ffa8310>, amp=[-47.12675156036783, -71.83066284538273, -82.17169339762103, -87.48946844120564, -88.30856856127502], assym=[0.026921421916980836, 0.09220627559516237, 0.04906599028551967, 0.01987348549020834, -0.056907567961695237],
                         res=[140.6411415346377, 166.50386121333358, 160.5804961960347, 157.68754487056458, 157.58946459425718], gamma=[48.446407820954406, 38.97444451861441, 39.09429400364815, 37.816247957910726, 36.02267211279431], off=[86.4895860987081, 112.89247898194914, 121.46010195184594, 124.7799004299546, 123.08797898726391], FWHM=[-1.845485586637701, -5.114776591400097, -2.7176483618185268, -1.0631538746179918, -2.9061369201371283],
                         r2=[0.9357141149357915, 0.9838718057394314, 0.9786164997818697, 0.989747234890992, 0.9864420247978953])
2022-03-16 13:50:19,108 - ROImulti - DEBUG : ...set_initial_ROI({self}, {im})
2022-03-16 13:50:19,108 - ROImulti - DEBUG : ...set_initial_ROI({self}, {im})
2022-03-16 13:50:19,109 - ROImulti - DEBUG : ...create_ROI_data(<ROImulti.ROImulti object at 0x11ffa8580>, <PIL.PngImagePlugin.PngImageFile image mode=L size=2592x1944 at 0x13A4F62F0>, plot=False)
2022-03-16 13:50:19,109 - ROImulti - DEBUG : ...create_ROI_data(<ROImulti.ROImulti object at 0x11ffa8580>, <PIL.PngImagePlugin.PngImageFile image mode=L size=2592x1944 at 0x13A4F62F0>, plot=False)
2022-03-16 13:50:19,110 - ROImulti - DEBUG : ...process_ROI(<ROImulti.ROImulti object at 0x11ffa8580>, plot=False)
2022-03-16 13:50:19,110 - ROImulti - DEBUG : ...process_ROI(<ROImulti.ROImulti object at 0x11ffa8580>, plot=False)
2022-03-16 13:50:19,114 - ROImulti - DEBUG : set_initial_values(<ROImulti.ROImulti object at 0x11ffa8580>, amp=[-80.34487725602014], assym=[0.07893201176558828],
                         res=[186.1118090826274], gamma=[37.78957104548646], off=[125.33389921724923], FWHM=[-4.238093351911769],
                         r2=[0.9918287781072597])
2022-03-16 13:50:19,114 - ROImulti - DEBUG : set_initial_values(<ROImulti.ROImulti object at 0x11ffa8580>, amp=[-80.34487725602014], assym=[0.07893201176558828],
                         res=[186.1118090826274], gamma=[37.78957104548646], off=[125.33389921724923], FWHM=[-4.238093351911769],
                         r2=[0.9918287781072597])
2022-03-16 13:50:19,117 - ROImulti - DEBUG : set_initial_values(<ROImulti.ROImulti object at 0x11ffa8580>, amp=[-80.34487725602014, -100.99971140553596], assym=[0.07893201176558828, 0.07747227950727166],
                         res=[186.1118090826274, 182.60440853125263], gamma=[37.78957104548646, 33.36989051262936], off=[125.33389921724923, 146.0562914874888], FWHM=[-4.238093351911769, -3.6725867202590257],
                         r2=[0.9918287781072597, 0.9880030938533303])
2022-03-16 13:50:19,117 - ROImulti - DEBUG : set_initial_values(<ROImulti.ROImulti object at 0x11ffa8580>, amp=[-80.34487725602014, -100.99971140553596], assym=[0.07893201176558828, 0.07747227950727166],
                         res=[186.1118090826274, 182.60440853125263], gamma=[37.78957104548646, 33.36989051262936], off=[125.33389921724923, 146.0562914874888], FWHM=[-4.238093351911769, -3.6725867202590257],
                         r2=[0.9918287781072597, 0.9880030938533303])
2022-03-16 13:50:19,120 - ROImulti - DEBUG : set_initial_values(<ROImulti.ROImulti object at 0x11ffa8580>, amp=[-80.34487725602014, -100.99971140553596, -110.67017387418684], assym=[0.07893201176558828, 0.07747227950727166, 0.07505470444728239],
                         res=[186.1118090826274, 182.60440853125263, 178.0260592102238], gamma=[37.78957104548646, 33.36989051262936, 33.3287912732959], off=[125.33389921724923, 146.0562914874888, 152.76854773184027], FWHM=[-4.238093351911769, -3.6725867202590257, -3.552615450389994],
                         r2=[0.9918287781072597, 0.9880030938533303, 0.9898649826839129])
2022-03-16 13:50:19,120 - ROImulti - DEBUG : set_initial_values(<ROImulti.ROImulti object at 0x11ffa8580>, amp=[-80.34487725602014, -100.99971140553596, -110.67017387418684], assym=[0.07893201176558828, 0.07747227950727166, 0.07505470444728239],
                         res=[186.1118090826274, 182.60440853125263, 178.0260592102238], gamma=[37.78957104548646, 33.36989051262936, 33.3287912732959], off=[125.33389921724923, 146.0562914874888, 152.76854773184027], FWHM=[-4.238093351911769, -3.6725867202590257, -3.552615450389994],
                         r2=[0.9918287781072597, 0.9880030938533303, 0.9898649826839129])
2022-03-16 13:50:19,124 - ROImulti - DEBUG : set_initial_values(<ROImulti.ROImulti object at 0x11ffa8580>, amp=[-80.34487725602014, -100.99971140553596, -110.67017387418684, -98.05956151041288], assym=[0.07893201176558828, 0.07747227950727166, 0.07505470444728239, 0.07000351617441429],
                         res=[186.1118090826274, 182.60440853125263, 178.0260592102238, 171.63860388473637], gamma=[37.78957104548646, 33.36989051262936, 33.3287912732959, 33.64385605658742], off=[125.33389921724923, 146.0562914874888, 152.76854773184027, 140.24839662401678], FWHM=[-4.238093351911769, -3.6725867202590257, -3.552615450389994, -3.343008387157225],
                         r2=[0.9918287781072597, 0.9880030938533303, 0.9898649826839129, 0.9847539935816066])
2022-03-16 13:50:19,124 - ROImulti - DEBUG : set_initial_values(<ROImulti.ROImulti object at 0x11ffa8580>, amp=[-80.34487725602014, -100.99971140553596, -110.67017387418684, -98.05956151041288], assym=[0.07893201176558828, 0.07747227950727166, 0.07505470444728239, 0.07000351617441429],
                         res=[186.1118090826274, 182.60440853125263, 178.0260592102238, 171.63860388473637], gamma=[37.78957104548646, 33.36989051262936, 33.3287912732959, 33.64385605658742], off=[125.33389921724923, 146.0562914874888, 152.76854773184027, 140.24839662401678], FWHM=[-4.238093351911769, -3.6725867202590257, -3.552615450389994, -3.343008387157225],
                         r2=[0.9918287781072597, 0.9880030938533303, 0.9898649826839129, 0.9847539935816066])
2022-03-16 13:50:19,129 - ROImulti - DEBUG : set_initial_values(<ROImulti.ROImulti object at 0x11ffa8580>, amp=[-80.34487725602014, -100.99971140553596, -110.67017387418684, -98.05956151041288, -102.69833633814514], assym=[0.07893201176558828, 0.07747227950727166, 0.07505470444728239, 0.07000351617441429, 0.0462194071851202],
                         res=[186.1118090826274, 182.60440853125263, 178.0260592102238, 171.63860388473637, 168.84585394061222], gamma=[37.78957104548646, 33.36989051262936, 33.3287912732959, 33.64385605658742, 33.94154731779974], off=[125.33389921724923, 146.0562914874888, 152.76854773184027, 140.24839662401678, 145.26261335068867], FWHM=[-4.238093351911769, -3.6725867202590257, -3.552615450389994, -3.343008387157225, -2.2221171213749593],
                         r2=[0.9918287781072597, 0.9880030938533303, 0.9898649826839129, 0.9847539935816066, 0.9926503314526338])
2022-03-16 13:50:19,129 - ROImulti - DEBUG : set_initial_values(<ROImulti.ROImulti object at 0x11ffa8580>, amp=[-80.34487725602014, -100.99971140553596, -110.67017387418684, -98.05956151041288, -102.69833633814514], assym=[0.07893201176558828, 0.07747227950727166, 0.07505470444728239, 0.07000351617441429, 0.0462194071851202],
                         res=[186.1118090826274, 182.60440853125263, 178.0260592102238, 171.63860388473637, 168.84585394061222], gamma=[37.78957104548646, 33.36989051262936, 33.3287912732959, 33.64385605658742, 33.94154731779974], off=[125.33389921724923, 146.0562914874888, 152.76854773184027, 140.24839662401678, 145.26261335068867], FWHM=[-4.238093351911769, -3.6725867202590257, -3.552615450389994, -3.343008387157225, -2.2221171213749593],
                         r2=[0.9918287781072597, 0.9880030938533303, 0.9898649826839129, 0.9847539935816066, 0.9926503314526338])
2022-03-16 13:50:19,139 - __main__ - DEBUG : Images found to PNG format
2022-03-16 13:50:19,148 - __main__ - INFO : Loading data took: -4.321e-05s
2022-03-16 13:50:19,148 - ROImulti - DEBUG : ...set_initial_ROI({self}, {im})
2022-03-16 13:50:19,148 - ROImulti - DEBUG : ...set_initial_ROI({self}, {im})
2022-03-16 13:50:19,148 - ROImulti - DEBUG : ...create_ROI_data(<ROImulti.ROImulti object at 0x11ffa8310>, <PIL.PngImagePlugin.PngImageFile image mode=L size=2592x1944 at 0x11FFA8760>, plot=False)
2022-03-16 13:50:19,148 - ROImulti - DEBUG : ...create_ROI_data(<ROImulti.ROImulti object at 0x11ffa8310>, <PIL.PngImagePlugin.PngImageFile image mode=L size=2592x1944 at 0x11FFA8760>, plot=False)
2022-03-16 13:50:19,209 - ROImulti - DEBUG : ...process_ROI(<ROImulti.ROImulti object at 0x11ffa8310>, plot=False)
2022-03-16 13:50:19,209 - ROImulti - DEBUG : ...process_ROI(<ROImulti.ROImulti object at 0x11ffa8310>, plot=False)
2022-03-16 13:50:19,212 - ROImulti - DEBUG : set_initial_values(<ROImulti.ROImulti object at 0x11ffa8310>, amp=[-47.09647770716551], assym=[0.026588075185238026],
                         res=[140.5899430992938], gamma=[48.50039671902433], off=[86.57543135457283], FWHM=[-1.8246411334772377],
                         r2=[0.9356653533197882])
2022-03-16 13:50:19,212 - ROImulti - DEBUG : set_initial_values(<ROImulti.ROImulti object at 0x11ffa8310>, amp=[-47.09647770716551], assym=[0.026588075185238026],
                         res=[140.5899430992938], gamma=[48.50039671902433], off=[86.57543135457283], FWHM=[-1.8246411334772377],
                         r2=[0.9356653533197882])
2022-03-16 13:50:19,215 - ROImulti - DEBUG : set_initial_values(<ROImulti.ROImulti object at 0x11ffa8310>, amp=[-47.09647770716551, -71.92119071765315], assym=[0.026588075185238026, 0.09332599246788861],
                         res=[140.5899430992938, 166.53107629052343], gamma=[48.50039671902433, 38.78476167104637], off=[86.57543135457283, 113.16007676310547], FWHM=[-1.8246411334772377, -5.1524971870450385],
                         r2=[0.9356653533197882, 0.9842908332115368])
2022-03-16 13:50:19,215 - ROImulti - DEBUG : set_initial_values(<ROImulti.ROImulti object at 0x11ffa8310>, amp=[-47.09647770716551, -71.92119071765315], assym=[0.026588075185238026, 0.09332599246788861],
                         res=[140.5899430992938, 166.53107629052343], gamma=[48.50039671902433, 38.78476167104637], off=[86.57543135457283, 113.16007676310547], FWHM=[-1.8246411334772377, -5.1524971870450385],
                         r2=[0.9356653533197882, 0.9842908332115368])
2022-03-16 13:50:19,218 - ROImulti - DEBUG : set_initial_values(<ROImulti.ROImulti object at 0x11ffa8310>, amp=[-47.09647770716551, -71.92119071765315, -82.06564115171194], assym=[0.026588075185238026, 0.09332599246788861, 0.04902678985661314],
                         res=[140.5899430992938, 166.53107629052343, 160.55350253981376], gamma=[48.50039671902433, 38.78476167104637, 39.19036695111359], off=[86.57543135457283, 113.16007676310547, 121.46182538760131], FWHM=[-1.8246411334772377, -5.1524971870450385, -2.7221424858586625],
                         r2=[0.9356653533197882, 0.9842908332115368, 0.9784574580823653])
2022-03-16 13:50:19,218 - ROImulti - DEBUG : set_initial_values(<ROImulti.ROImulti object at 0x11ffa8310>, amp=[-47.09647770716551, -71.92119071765315, -82.06564115171194], assym=[0.026588075185238026, 0.09332599246788861, 0.04902678985661314],
                         res=[140.5899430992938, 166.53107629052343, 160.55350253981376], gamma=[48.50039671902433, 38.78476167104637, 39.19036695111359], off=[86.57543135457283, 113.16007676310547, 121.46182538760131], FWHM=[-1.8246411334772377, -5.1524971870450385, -2.7221424858586625],
                         r2=[0.9356653533197882, 0.9842908332115368, 0.9784574580823653])
2022-03-16 13:50:19,222 - ROImulti - DEBUG : set_initial_values(<ROImulti.ROImulti object at 0x11ffa8310>, amp=[-47.09647770716551, -71.92119071765315, -82.06564115171194, -87.37133359944734], assym=[0.026588075185238026, 0.09332599246788861, 0.04902678985661314, 0.020700763440736663],
                         res=[140.5899430992938, 166.53107629052343, 160.55350253981376, 157.71760381133168], gamma=[48.50039671902433, 38.78476167104637, 39.19036695111359, 37.81219827985548], off=[86.57543135457283, 113.16007676310547, 121.46182538760131, 124.82148361374453], FWHM=[-1.8246411334772377, -5.1524971870450385, -2.7221424858586625, -1.1073193019937277],
                         r2=[0.9356653533197882, 0.9842908332115368, 0.9784574580823653, 0.9896938815281066])
2022-03-16 13:50:19,222 - ROImulti - DEBUG : set_initial_values(<ROImulti.ROImulti object at 0x11ffa8310>, amp=[-47.09647770716551, -71.92119071765315, -82.06564115171194, -87.37133359944734], assym=[0.026588075185238026, 0.09332599246788861, 0.04902678985661314, 0.020700763440736663],
                         res=[140.5899430992938, 166.53107629052343, 160.55350253981376, 157.71760381133168], gamma=[48.50039671902433, 38.78476167104637, 39.19036695111359, 37.81219827985548], off=[86.57543135457283, 113.16007676310547, 121.46182538760131, 124.82148361374453], FWHM=[-1.8246411334772377, -5.1524971870450385, -2.7221424858586625, -1.1073193019937277],
                         r2=[0.9356653533197882, 0.9842908332115368, 0.9784574580823653, 0.9896938815281066])
2022-03-16 13:50:19,225 - ROImulti - DEBUG : set_initial_values(<ROImulti.ROImulti object at 0x11ffa8310>, amp=[-47.09647770716551, -71.92119071765315, -82.06564115171194, -87.37133359944734, -88.31127995843572], assym=[0.026588075185238026, 0.09332599246788861, 0.04902678985661314, 0.020700763440736663, -0.057319570927494484],
                         res=[140.5899430992938, 166.53107629052343, 160.55350253981376, 157.71760381133168, 157.55111224229796], gamma=[48.50039671902433, 38.78476167104637, 39.19036695111359, 37.81219827985548, 36.00979068185493], off=[86.57543135457283, 113.16007676310547, 121.46182538760131, 124.82148361374453, 123.22049021691367], FWHM=[-1.8246411334772377, -5.1524971870450385, -2.7221424858586625, -1.1073193019937277, -2.926233556000186],
                         r2=[0.9356653533197882, 0.9842908332115368, 0.9784574580823653, 0.9896938815281066, 0.9864583137593455])
2022-03-16 13:50:19,225 - ROImulti - DEBUG : set_initial_values(<ROImulti.ROImulti object at 0x11ffa8310>, amp=[-47.09647770716551, -71.92119071765315, -82.06564115171194, -87.37133359944734, -88.31127995843572], assym=[0.026588075185238026, 0.09332599246788861, 0.04902678985661314, 0.020700763440736663, -0.057319570927494484],
                         res=[140.5899430992938, 166.53107629052343, 160.55350253981376, 157.71760381133168, 157.55111224229796], gamma=[48.50039671902433, 38.78476167104637, 39.19036695111359, 37.81219827985548, 36.00979068185493], off=[86.57543135457283, 113.16007676310547, 121.46182538760131, 124.82148361374453, 123.22049021691367], FWHM=[-1.8246411334772377, -5.1524971870450385, -2.7221424858586625, -1.1073193019937277, -2.926233556000186],
                         r2=[0.9356653533197882, 0.9842908332115368, 0.9784574580823653, 0.9896938815281066, 0.9864583137593455])
2022-03-16 13:50:19,225 - ROImulti - DEBUG : ...set_initial_ROI({self}, {im})
2022-03-16 13:50:19,225 - ROImulti - DEBUG : ...set_initial_ROI({self}, {im})
2022-03-16 13:50:19,225 - ROImulti - DEBUG : ...create_ROI_data(<ROImulti.ROImulti object at 0x11ffa8580>, <PIL.PngImagePlugin.PngImageFile image mode=L size=2592x1944 at 0x11FFA8760>, plot=False)
2022-03-16 13:50:19,225 - ROImulti - DEBUG : ...create_ROI_data(<ROImulti.ROImulti object at 0x11ffa8580>, <PIL.PngImagePlugin.PngImageFile image mode=L size=2592x1944 at 0x11FFA8760>, plot=False)
2022-03-16 13:50:19,226 - ROImulti - DEBUG : ...process_ROI(<ROImulti.ROImulti object at 0x11ffa8580>, plot=False)
2022-03-16 13:50:19,226 - ROImulti - DEBUG : ...process_ROI(<ROImulti.ROImulti object at 0x11ffa8580>, plot=False)
2022-03-16 13:50:19,229 - ROImulti - DEBUG : set_initial_values(<ROImulti.ROImulti object at 0x11ffa8580>, amp=[-80.4621918889102], assym=[0.0788418028198855],
                         res=[186.09002710844948], gamma=[37.745626359620815], off=[125.5820420376268], FWHM=[-4.228281828661593],
                         r2=[0.9919437000372305])
2022-03-16 13:50:19,229 - ROImulti - DEBUG : set_initial_values(<ROImulti.ROImulti object at 0x11ffa8580>, amp=[-80.4621918889102], assym=[0.0788418028198855],
                         res=[186.09002710844948], gamma=[37.745626359620815], off=[125.5820420376268], FWHM=[-4.228281828661593],
                         r2=[0.9919437000372305])
2022-03-16 13:50:19,233 - ROImulti - DEBUG : set_initial_values(<ROImulti.ROImulti object at 0x11ffa8580>, amp=[-80.4621918889102, -100.91564863387191], assym=[0.0788418028198855, 0.07722408092940697],
                         res=[186.09002710844948, 182.49250925479146], gamma=[37.745626359620815, 33.40523970752389], off=[125.5820420376268, 146.1156213214128], FWHM=[-4.228281828661593, -3.664593147701708],
                         r2=[0.9919437000372305, 0.9876921963549308])
2022-03-16 13:50:19,233 - ROImulti - DEBUG : set_initial_values(<ROImulti.ROImulti object at 0x11ffa8580>, amp=[-80.4621918889102, -100.91564863387191], assym=[0.0788418028198855, 0.07722408092940697],
                         res=[186.09002710844948, 182.49250925479146], gamma=[37.745626359620815, 33.40523970752389], off=[125.5820420376268, 146.1156213214128], FWHM=[-4.228281828661593, -3.664593147701708],
                         r2=[0.9919437000372305, 0.9876921963549308])
2022-03-16 13:50:19,235 - ROImulti - DEBUG : set_initial_values(<ROImulti.ROImulti object at 0x11ffa8580>, amp=[-80.4621918889102, -100.91564863387191, -110.69734539839081], assym=[0.0788418028198855, 0.07722408092940697, 0.07572749936557448],
                         res=[186.09002710844948, 182.49250925479146, 178.01230899998384], gamma=[37.745626359620815, 33.40523970752389, 33.33509107253489], off=[125.5820420376268, 146.1156213214128, 152.96097256578813], FWHM=[-4.228281828661593, -3.664593147701708, -3.585411887622829],
                         r2=[0.9919437000372305, 0.9876921963549308, 0.9898607509599548])
2022-03-16 13:50:19,235 - ROImulti - DEBUG : set_initial_values(<ROImulti.ROImulti object at 0x11ffa8580>, amp=[-80.4621918889102, -100.91564863387191, -110.69734539839081], assym=[0.0788418028198855, 0.07722408092940697, 0.07572749936557448],
                         res=[186.09002710844948, 182.49250925479146, 178.01230899998384], gamma=[37.745626359620815, 33.40523970752389, 33.33509107253489], off=[125.5820420376268, 146.1156213214128, 152.96097256578813], FWHM=[-4.228281828661593, -3.664593147701708, -3.585411887622829],
                         r2=[0.9919437000372305, 0.9876921963549308, 0.9898607509599548])
2022-03-16 13:50:19,238 - ROImulti - DEBUG : set_initial_values(<ROImulti.ROImulti object at 0x11ffa8580>, amp=[-80.4621918889102, -100.91564863387191, -110.69734539839081, -98.05936120780407], assym=[0.0788418028198855, 0.07722408092940697, 0.07572749936557448, 0.07113470965881473],
                         res=[186.09002710844948, 182.49250925479146, 178.01230899998384, 171.65133085445603], gamma=[37.745626359620815, 33.40523970752389, 33.33509107253489, 33.64523380130866], off=[125.5820420376268, 146.1156213214128, 152.96097256578813, 140.44602438282007], FWHM=[-4.228281828661593, -3.664593147701708, -3.585411887622829, -3.3975746340044313],
                         r2=[0.9919437000372305, 0.9876921963549308, 0.9898607509599548, 0.9849172434318691])
2022-03-16 13:50:19,238 - ROImulti - DEBUG : set_initial_values(<ROImulti.ROImulti object at 0x11ffa8580>, amp=[-80.4621918889102, -100.91564863387191, -110.69734539839081, -98.05936120780407], assym=[0.0788418028198855, 0.07722408092940697, 0.07572749936557448, 0.07113470965881473],
                         res=[186.09002710844948, 182.49250925479146, 178.01230899998384, 171.65133085445603], gamma=[37.745626359620815, 33.40523970752389, 33.33509107253489, 33.64523380130866], off=[125.5820420376268, 146.1156213214128, 152.96097256578813, 140.44602438282007], FWHM=[-4.228281828661593, -3.664593147701708, -3.585411887622829, -3.3975746340044313],
                         r2=[0.9919437000372305, 0.9876921963549308, 0.9898607509599548, 0.9849172434318691])
2022-03-16 13:50:19,241 - ROImulti - DEBUG : set_initial_values(<ROImulti.ROImulti object at 0x11ffa8580>, amp=[-80.4621918889102, -100.91564863387191, -110.69734539839081, -98.05936120780407, -102.64826864107036], assym=[0.0788418028198855, 0.07722408092940697, 0.07572749936557448, 0.07113470965881473, 0.04584978688275872],
                         res=[186.09002710844948, 182.49250925479146, 178.01230899998384, 171.65133085445603, 168.82026081178537], gamma=[37.745626359620815, 33.40523970752389, 33.33509107253489, 33.64523380130866, 33.985191518209994], off=[125.5820420376268, 146.1156213214128, 152.96097256578813, 140.44602438282007, 145.37274589538202], FWHM=[-4.228281828661593, -3.664593147701708, -3.585411887622829, -3.3975746340044313, -2.20712480879215],
                         r2=[0.9919437000372305, 0.9876921963549308, 0.9898607509599548, 0.9849172434318691, 0.9925258071917208])
2022-03-16 13:50:19,241 - ROImulti - DEBUG : set_initial_values(<ROImulti.ROImulti object at 0x11ffa8580>, amp=[-80.4621918889102, -100.91564863387191, -110.69734539839081, -98.05936120780407, -102.64826864107036], assym=[0.0788418028198855, 0.07722408092940697, 0.07572749936557448, 0.07113470965881473, 0.04584978688275872],
                         res=[186.09002710844948, 182.49250925479146, 178.01230899998384, 171.65133085445603, 168.82026081178537], gamma=[37.745626359620815, 33.40523970752389, 33.33509107253489, 33.64523380130866, 33.985191518209994], off=[125.5820420376268, 146.1156213214128, 152.96097256578813, 140.44602438282007, 145.37274589538202], FWHM=[-4.228281828661593, -3.664593147701708, -3.585411887622829, -3.3975746340044313, -2.20712480879215],
                         r2=[0.9919437000372305, 0.9876921963549308, 0.9898607509599548, 0.9849172434318691, 0.9925258071917208])
2022-03-16 13:50:19,252 - __main__ - DEBUG : Images found to PNG format
2022-03-16 13:50:19,261 - __main__ - INFO : Loading data took: -4.922e-05s
2022-03-16 13:50:19,261 - ROImulti - DEBUG : ...set_initial_ROI({self}, {im})
2022-03-16 13:50:19,261 - ROImulti - DEBUG : ...set_initial_ROI({self}, {im})
2022-03-16 13:50:19,262 - ROImulti - DEBUG : ...create_ROI_data(<ROImulti.ROImulti object at 0x11ffa8310>, <PIL.PngImagePlugin.PngImageFile image mode=L size=2592x1944 at 0x13A4F5E40>, plot=False)
2022-03-16 13:50:19,262 - ROImulti - DEBUG : ...create_ROI_data(<ROImulti.ROImulti object at 0x11ffa8310>, <PIL.PngImagePlugin.PngImageFile image mode=L size=2592x1944 at 0x13A4F5E40>, plot=False)
2022-03-16 13:50:19,322 - ROImulti - DEBUG : ...process_ROI(<ROImulti.ROImulti object at 0x11ffa8310>, plot=False)
2022-03-16 13:50:19,322 - ROImulti - DEBUG : ...process_ROI(<ROImulti.ROImulti object at 0x11ffa8310>, plot=False)
2022-03-16 13:50:19,325 - ROImulti - DEBUG : set_initial_values(<ROImulti.ROImulti object at 0x11ffa8310>, amp=[-47.16673591639978], assym=[0.024688357152632553],
                         res=[140.49075074620163], gamma=[48.6506668226762], off=[86.58797611302697], FWHM=[-1.6993957522042649],
                         r2=[0.9359933901571722])
2022-03-16 13:50:19,325 - ROImulti - DEBUG : set_initial_values(<ROImulti.ROImulti object at 0x11ffa8310>, amp=[-47.16673591639978], assym=[0.024688357152632553],
                         res=[140.49075074620163], gamma=[48.6506668226762], off=[86.58797611302697], FWHM=[-1.6993957522042649],
                         r2=[0.9359933901571722])
2022-03-16 13:50:19,329 - ROImulti - DEBUG : set_initial_values(<ROImulti.ROImulti object at 0x11ffa8310>, amp=[-47.16673591639978, -71.9122332472525], assym=[0.024688357152632553, 0.09348497937563433],
                         res=[140.49075074620163, 166.47811505653956], gamma=[48.6506668226762, 38.70278001060091], off=[86.58797611302697, 113.14550116976193], FWHM=[-1.6993957522042649, -5.150480004343914],
                         r2=[0.9359933901571722, 0.9844018004683459])
2022-03-16 13:50:19,329 - ROImulti - DEBUG : set_initial_values(<ROImulti.ROImulti object at 0x11ffa8310>, amp=[-47.16673591639978, -71.9122332472525], assym=[0.024688357152632553, 0.09348497937563433],
                         res=[140.49075074620163, 166.47811505653956], gamma=[48.6506668226762, 38.70278001060091], off=[86.58797611302697, 113.14550116976193], FWHM=[-1.6993957522042649, -5.150480004343914],
                         r2=[0.9359933901571722, 0.9844018004683459])
2022-03-16 13:50:19,332 - ROImulti - DEBUG : set_initial_values(<ROImulti.ROImulti object at 0x11ffa8310>, amp=[-47.16673591639978, -71.9122332472525, -82.0150309544222], assym=[0.024688357152632553, 0.09348497937563433, 0.04921914183075165],
                         res=[140.49075074620163, 166.47811505653956, 160.577863121217], gamma=[48.6506668226762, 38.70278001060091, 39.19733939627238], off=[86.58797611302697, 113.14550116976193, 121.38704117480333], FWHM=[-1.6993957522042649, -5.150480004343914, -2.733347513078882],
                         r2=[0.9359933901571722, 0.9844018004683459, 0.9785445637353685])
2022-03-16 13:50:19,332 - ROImulti - DEBUG : set_initial_values(<ROImulti.ROImulti object at 0x11ffa8310>, amp=[-47.16673591639978, -71.9122332472525, -82.0150309544222], assym=[0.024688357152632553, 0.09348497937563433, 0.04921914183075165],
                         res=[140.49075074620163, 166.47811505653956, 160.577863121217], gamma=[48.6506668226762, 38.70278001060091, 39.19733939627238], off=[86.58797611302697, 113.14550116976193, 121.38704117480333], FWHM=[-1.6993957522042649, -5.150480004343914, -2.733347513078882],
                         r2=[0.9359933901571722, 0.9844018004683459, 0.9785445637353685])
2022-03-16 13:50:19,336 - ROImulti - DEBUG : set_initial_values(<ROImulti.ROImulti object at 0x11ffa8310>, amp=[-47.16673591639978, -71.9122332472525, -82.0150309544222, -87.26901090615218], assym=[0.024688357152632553, 0.09348497937563433, 0.04921914183075165, 0.02134892593806058],
                         res=[140.49075074620163, 166.47811505653956, 160.577863121217, 157.71677782929132], gamma=[48.6506668226762, 38.70278001060091, 39.19733939627238, 37.770972871730315], off=[86.58797611302697, 113.14550116976193, 121.38704117480333, 124.72126035009404], FWHM=[-1.6993957522042649, -5.150480004343914, -2.733347513078882, -1.140768869509152],
                         r2=[0.9359933901571722, 0.9844018004683459, 0.9785445637353685, 0.9896806395744006])
2022-03-16 13:50:19,336 - ROImulti - DEBUG : set_initial_values(<ROImulti.ROImulti object at 0x11ffa8310>, amp=[-47.16673591639978, -71.9122332472525, -82.0150309544222, -87.26901090615218], assym=[0.024688357152632553, 0.09348497937563433, 0.04921914183075165, 0.02134892593806058],
                         res=[140.49075074620163, 166.47811505653956, 160.577863121217, 157.71677782929132], gamma=[48.6506668226762, 38.70278001060091, 39.19733939627238, 37.770972871730315], off=[86.58797611302697, 113.14550116976193, 121.38704117480333, 124.72126035009404], FWHM=[-1.6993957522042649, -5.150480004343914, -2.733347513078882, -1.140768869509152],
                         r2=[0.9359933901571722, 0.9844018004683459, 0.9785445637353685, 0.9896806395744006])
2022-03-16 13:50:19,339 - ROImulti - DEBUG : set_initial_values(<ROImulti.ROImulti object at 0x11ffa8310>, amp=[-47.16673591639978, -71.9122332472525, -82.0150309544222, -87.26901090615218, -88.32521997337236], assym=[0.024688357152632553, 0.09348497937563433, 0.04921914183075165, 0.02134892593806058, -0.05734595898157892],
                         res=[140.49075074620163, 166.47811505653956, 160.577863121217, 157.71677782929132, 157.50279844048015], gamma=[48.6506668226762, 38.70278001060091, 39.19733939627238, 37.770972871730315, 36.01719946880397], off=[86.58797611302697, 113.14550116976193, 121.38704117480333, 124.72126035009404, 123.20870337961435], FWHM=[-1.6993957522042649, -5.150480004343914, -2.733347513078882, -1.140768869509152, -2.928189678111245],
                         r2=[0.9359933901571722, 0.9844018004683459, 0.9785445637353685, 0.9896806395744006, 0.9866240130336971])
2022-03-16 13:50:19,339 - ROImulti - DEBUG : set_initial_values(<ROImulti.ROImulti object at 0x11ffa8310>, amp=[-47.16673591639978, -71.9122332472525, -82.0150309544222, -87.26901090615218, -88.32521997337236], assym=[0.024688357152632553, 0.09348497937563433, 0.04921914183075165, 0.02134892593806058, -0.05734595898157892],
                         res=[140.49075074620163, 166.47811505653956, 160.577863121217, 157.71677782929132, 157.50279844048015], gamma=[48.6506668226762, 38.70278001060091, 39.19733939627238, 37.770972871730315, 36.01719946880397], off=[86.58797611302697, 113.14550116976193, 121.38704117480333, 124.72126035009404, 123.20870337961435], FWHM=[-1.6993957522042649, -5.150480004343914, -2.733347513078882, -1.140768869509152, -2.928189678111245],
                         r2=[0.9359933901571722, 0.9844018004683459, 0.9785445637353685, 0.9896806395744006, 0.9866240130336971])
2022-03-16 13:50:19,339 - ROImulti - DEBUG : ...set_initial_ROI({self}, {im})
2022-03-16 13:50:19,339 - ROImulti - DEBUG : ...set_initial_ROI({self}, {im})
2022-03-16 13:50:19,339 - ROImulti - DEBUG : ...create_ROI_data(<ROImulti.ROImulti object at 0x11ffa8580>, <PIL.PngImagePlugin.PngImageFile image mode=L size=2592x1944 at 0x13A4F5E40>, plot=False)
2022-03-16 13:50:19,339 - ROImulti - DEBUG : ...create_ROI_data(<ROImulti.ROImulti object at 0x11ffa8580>, <PIL.PngImagePlugin.PngImageFile image mode=L size=2592x1944 at 0x13A4F5E40>, plot=False)
2022-03-16 13:50:19,341 - ROImulti - DEBUG : ...process_ROI(<ROImulti.ROImulti object at 0x11ffa8580>, plot=False)
2022-03-16 13:50:19,341 - ROImulti - DEBUG : ...process_ROI(<ROImulti.ROImulti object at 0x11ffa8580>, plot=False)
2022-03-16 13:50:19,344 - ROImulti - DEBUG : set_initial_values(<ROImulti.ROImulti object at 0x11ffa8580>, amp=[-80.36971850441522], assym=[0.07988046599458658],
                         res=[186.10225126347703], gamma=[37.73760991060889], off=[125.5246487986439], FWHM=[-4.2836056163147065],
                         r2=[0.9918715272390873])
2022-03-16 13:50:19,344 - ROImulti - DEBUG : set_initial_values(<ROImulti.ROImulti object at 0x11ffa8580>, amp=[-80.36971850441522], assym=[0.07988046599458658],
                         res=[186.10225126347703], gamma=[37.73760991060889], off=[125.5246487986439], FWHM=[-4.2836056163147065],
                         r2=[0.9918715272390873])
2022-03-16 13:50:19,348 - ROImulti - DEBUG : set_initial_values(<ROImulti.ROImulti object at 0x11ffa8580>, amp=[-80.36971850441522, -100.73455587715053], assym=[0.07988046599458658, 0.07715432505528999],
                         res=[186.10225126347703, 182.43889470893964], gamma=[37.73760991060889, 33.392178425925046], off=[125.5246487986439, 145.9420512692973], FWHM=[-4.2836056163147065, -3.6598218190257397],
                         r2=[0.9918715272390873, 0.9879080593732152])
2022-03-16 13:50:19,348 - ROImulti - DEBUG : set_initial_values(<ROImulti.ROImulti object at 0x11ffa8580>, amp=[-80.36971850441522, -100.73455587715053], assym=[0.07988046599458658, 0.07715432505528999],
                         res=[186.10225126347703, 182.43889470893964], gamma=[37.73760991060889, 33.392178425925046], off=[125.5246487986439, 145.9420512692973], FWHM=[-4.2836056163147065, -3.6598218190257397],
                         r2=[0.9918715272390873, 0.9879080593732152])
2022-03-16 13:50:19,351 - ROImulti - DEBUG : set_initial_values(<ROImulti.ROImulti object at 0x11ffa8580>, amp=[-80.36971850441522, -100.73455587715053, -110.63503903612829], assym=[0.07988046599458658, 0.07715432505528999, 0.07555651894862082],
                         res=[186.10225126347703, 182.43889470893964, 177.94391535036686], gamma=[37.73760991060889, 33.392178425925046, 33.41172083980298], off=[125.5246487986439, 145.9420512692973, 152.84279513796352], FWHM=[-4.2836056163147065, -3.6598218190257397, -3.585470417831033],
                         r2=[0.9918715272390873, 0.9879080593732152, 0.9897745557749191])
2022-03-16 13:50:19,351 - ROImulti - DEBUG : set_initial_values(<ROImulti.ROImulti object at 0x11ffa8580>, amp=[-80.36971850441522, -100.73455587715053, -110.63503903612829], assym=[0.07988046599458658, 0.07715432505528999, 0.07555651894862082],
                         res=[186.10225126347703, 182.43889470893964, 177.94391535036686], gamma=[37.73760991060889, 33.392178425925046, 33.41172083980298], off=[125.5246487986439, 145.9420512692973, 152.84279513796352], FWHM=[-4.2836056163147065, -3.6598218190257397, -3.585470417831033],
                         r2=[0.9918715272390873, 0.9879080593732152, 0.9897745557749191])
2022-03-16 13:50:19,354 - ROImulti - DEBUG : set_initial_values(<ROImulti.ROImulti object at 0x11ffa8580>, amp=[-80.36971850441522, -100.73455587715053, -110.63503903612829, -98.15081352261845], assym=[0.07988046599458658, 0.07715432505528999, 0.07555651894862082, 0.07060043328246335],
                         res=[186.10225126347703, 182.43889470893964, 177.94391535036686, 171.61875339235684], gamma=[37.73760991060889, 33.392178425925046, 33.41172083980298, 33.5273451303522], off=[125.5246487986439, 145.9420512692973, 152.84279513796352, 140.54720613195715], FWHM=[-4.2836056163147065, -3.6598218190257397, -3.585470417831033, -3.3600499762246447],
                         r2=[0.9918715272390873, 0.9879080593732152, 0.9897745557749191, 0.9847427803368176])
2022-03-16 13:50:19,354 - ROImulti - DEBUG : set_initial_values(<ROImulti.ROImulti object at 0x11ffa8580>, amp=[-80.36971850441522, -100.73455587715053, -110.63503903612829, -98.15081352261845], assym=[0.07988046599458658, 0.07715432505528999, 0.07555651894862082, 0.07060043328246335],
                         res=[186.10225126347703, 182.43889470893964, 177.94391535036686, 171.61875339235684], gamma=[37.73760991060889, 33.392178425925046, 33.41172083980298, 33.5273451303522], off=[125.5246487986439, 145.9420512692973, 152.84279513796352, 140.54720613195715], FWHM=[-4.2836056163147065, -3.6598218190257397, -3.585470417831033, -3.3600499762246447],
                         r2=[0.9918715272390873, 0.9879080593732152, 0.9897745557749191, 0.9847427803368176])
2022-03-16 13:50:19,358 - ROImulti - DEBUG : set_initial_values(<ROImulti.ROImulti object at 0x11ffa8580>, amp=[-80.36971850441522, -100.73455587715053, -110.63503903612829, -98.15081352261845, -102.50922078744046], assym=[0.07988046599458658, 0.07715432505528999, 0.07555651894862082, 0.07060043328246335, 0.04508434519453246],
                         res=[186.10225126347703, 182.43889470893964, 177.94391535036686, 171.61875339235684, 168.6847033000033], gamma=[37.73760991060889, 33.392178425925046, 33.41172083980298, 33.5273451303522, 34.03434464385043], off=[125.5246487986439, 145.9420512692973, 152.84279513796352, 140.54720613195715, 145.20099661511475], FWHM=[-4.2836056163147065, -3.6598218190257397, -3.585470417831033, -3.3600499762246447, -2.1733032454966197],
                         r2=[0.9918715272390873, 0.9879080593732152, 0.9897745557749191, 0.9847427803368176, 0.9926032713548251])
2022-03-16 13:50:19,358 - ROImulti - DEBUG : set_initial_values(<ROImulti.ROImulti object at 0x11ffa8580>, amp=[-80.36971850441522, -100.73455587715053, -110.63503903612829, -98.15081352261845, -102.50922078744046], assym=[0.07988046599458658, 0.07715432505528999, 0.07555651894862082, 0.07060043328246335, 0.04508434519453246],
                         res=[186.10225126347703, 182.43889470893964, 177.94391535036686, 171.61875339235684, 168.6847033000033], gamma=[37.73760991060889, 33.392178425925046, 33.41172083980298, 33.5273451303522, 34.03434464385043], off=[125.5246487986439, 145.9420512692973, 152.84279513796352, 140.54720613195715, 145.20099661511475], FWHM=[-4.2836056163147065, -3.6598218190257397, -3.585470417831033, -3.3600499762246447, -2.1733032454966197],
                         r2=[0.9918715272390873, 0.9879080593732152, 0.9897745557749191, 0.9847427803368176, 0.9926032713548251])
2022-03-16 13:50:19,369 - __main__ - DEBUG : Images found to PNG format
2022-03-16 13:50:19,377 - __main__ - INFO : Loading data took: -0.0009038s
2022-03-16 13:50:19,377 - ROImulti - DEBUG : ...set_initial_ROI({self}, {im})
2022-03-16 13:50:19,377 - ROImulti - DEBUG : ...set_initial_ROI({self}, {im})
2022-03-16 13:50:19,378 - ROImulti - DEBUG : ...create_ROI_data(<ROImulti.ROImulti object at 0x11ffa8310>, <PIL.PngImagePlugin.PngImageFile image mode=L size=2592x1944 at 0x11FFA8760>, plot=False)
2022-03-16 13:50:19,378 - ROImulti - DEBUG : ...create_ROI_data(<ROImulti.ROImulti object at 0x11ffa8310>, <PIL.PngImagePlugin.PngImageFile image mode=L size=2592x1944 at 0x11FFA8760>, plot=False)
2022-03-16 13:50:19,438 - ROImulti - DEBUG : ...process_ROI(<ROImulti.ROImulti object at 0x11ffa8310>, plot=False)
2022-03-16 13:50:19,438 - ROImulti - DEBUG : ...process_ROI(<ROImulti.ROImulti object at 0x11ffa8310>, plot=False)
2022-03-16 13:50:19,441 - ROImulti - DEBUG : set_initial_values(<ROImulti.ROImulti object at 0x11ffa8310>, amp=[-47.10340930188617], assym=[0.02527990015360024],
                         res=[140.53699397544335], gamma=[48.462769188974605], off=[86.61808887389228], FWHM=[-1.73343175852066],
                         r2=[0.9368988282517061])
2022-03-16 13:50:19,441 - ROImulti - DEBUG : set_initial_values(<ROImulti.ROImulti object at 0x11ffa8310>, amp=[-47.10340930188617], assym=[0.02527990015360024],
                         res=[140.53699397544335], gamma=[48.462769188974605], off=[86.61808887389228], FWHM=[-1.73343175852066],
                         r2=[0.9368988282517061])
2022-03-16 13:50:19,445 - ROImulti - DEBUG : set_initial_values(<ROImulti.ROImulti object at 0x11ffa8310>, amp=[-47.10340930188617, -71.98340187365885], assym=[0.02527990015360024, 0.09399812362654372],
                         res=[140.53699397544335, 166.44442013999247], gamma=[48.462769188974605, 38.585008099431086], off=[86.61808887389228, 113.28501686945411], FWHM=[-1.73343175852066, -5.1633655211080045],
                         r2=[0.9368988282517061, 0.9845143097841335])
2022-03-16 13:50:19,445 - ROImulti - DEBUG : set_initial_values(<ROImulti.ROImulti object at 0x11ffa8310>, amp=[-47.10340930188617, -71.98340187365885], assym=[0.02527990015360024, 0.09399812362654372],
                         res=[140.53699397544335, 166.44442013999247], gamma=[48.462769188974605, 38.585008099431086], off=[86.61808887389228, 113.28501686945411], FWHM=[-1.73343175852066, -5.1633655211080045],
                         r2=[0.9368988282517061, 0.9845143097841335])
2022-03-16 13:50:19,448 - ROImulti - DEBUG : set_initial_values(<ROImulti.ROImulti object at 0x11ffa8310>, amp=[-47.10340930188617, -71.98340187365885, -82.04112427686255], assym=[0.02527990015360024, 0.09399812362654372, 0.04908376201910311],
                         res=[140.53699397544335, 166.44442013999247, 160.5557632484436], gamma=[48.462769188974605, 38.585008099431086, 39.17484779182085], off=[86.61808887389228, 113.28501686945411, 121.46379977482552], FWHM=[-1.73343175852066, -5.1633655211080045, -2.7242380035022284],
                         r2=[0.9368988282517061, 0.9845143097841335, 0.9787586508150673])
2022-03-16 13:50:19,448 - ROImulti - DEBUG : set_initial_values(<ROImulti.ROImulti object at 0x11ffa8310>, amp=[-47.10340930188617, -71.98340187365885, -82.04112427686255], assym=[0.02527990015360024, 0.09399812362654372, 0.04908376201910311],
                         res=[140.53699397544335, 166.44442013999247, 160.5557632484436], gamma=[48.462769188974605, 38.585008099431086, 39.17484779182085], off=[86.61808887389228, 113.28501686945411, 121.46379977482552], FWHM=[-1.73343175852066, -5.1633655211080045, -2.7242380035022284],
                         r2=[0.9368988282517061, 0.9845143097841335, 0.9787586508150673])
2022-03-16 13:50:19,451 - ROImulti - DEBUG : set_initial_values(<ROImulti.ROImulti object at 0x11ffa8310>, amp=[-47.10340930188617, -71.98340187365885, -82.04112427686255, -87.22928372570978], assym=[0.02527990015360024, 0.09399812362654372, 0.04908376201910311, 0.020991913770881877],
                         res=[140.53699397544335, 166.44442013999247, 160.5557632484436, 157.7196637519096], gamma=[48.462769188974605, 38.585008099431086, 39.17484779182085, 37.82245056853059], off=[86.61808887389228, 113.28501686945411, 121.46379977482552, 124.69405430009057], FWHM=[-1.73343175852066, -5.1633655211080045, -2.7242380035022284, -1.1232081165263355],
                         r2=[0.9368988282517061, 0.9845143097841335, 0.9787586508150673, 0.9897360327236785])
2022-03-16 13:50:19,451 - ROImulti - DEBUG : set_initial_values(<ROImulti.ROImulti object at 0x11ffa8310>, amp=[-47.10340930188617, -71.98340187365885, -82.04112427686255, -87.22928372570978], assym=[0.02527990015360024, 0.09399812362654372, 0.04908376201910311, 0.020991913770881877],
                         res=[140.53699397544335, 166.44442013999247, 160.5557632484436, 157.7196637519096], gamma=[48.462769188974605, 38.585008099431086, 39.17484779182085, 37.82245056853059], off=[86.61808887389228, 113.28501686945411, 121.46379977482552, 124.69405430009057], FWHM=[-1.73343175852066, -5.1633655211080045, -2.7242380035022284, -1.1232081165263355],
                         r2=[0.9368988282517061, 0.9845143097841335, 0.9787586508150673, 0.9897360327236785])
2022-03-16 13:50:19,454 - ROImulti - DEBUG : set_initial_values(<ROImulti.ROImulti object at 0x11ffa8310>, amp=[-47.10340930188617, -71.98340187365885, -82.04112427686255, -87.22928372570978, -88.20205373708203], assym=[0.02527990015360024, 0.09399812362654372, 0.04908376201910311, 0.020991913770881877, -0.05805380137422437],
                         res=[140.53699397544335, 166.44442013999247, 160.5557632484436, 157.7196637519096, 157.42272724748406], gamma=[48.462769188974605, 38.585008099431086, 39.17484779182085, 37.82245056853059, 36.0851176834892], off=[86.61808887389228, 113.28501686945411, 121.46379977482552, 124.69405430009057, 123.09604104964727], FWHM=[-1.73343175852066, -5.1633655211080045, -2.7242380035022284, -1.1232081165263355, -2.970105353599841],
                         r2=[0.9368988282517061, 0.9845143097841335, 0.9787586508150673, 0.9897360327236785, 0.9865863381653868])
2022-03-16 13:50:19,454 - ROImulti - DEBUG : set_initial_values(<ROImulti.ROImulti object at 0x11ffa8310>, amp=[-47.10340930188617, -71.98340187365885, -82.04112427686255, -87.22928372570978, -88.20205373708203], assym=[0.02527990015360024, 0.09399812362654372, 0.04908376201910311, 0.020991913770881877, -0.05805380137422437],
                         res=[140.53699397544335, 166.44442013999247, 160.5557632484436, 157.7196637519096, 157.42272724748406], gamma=[48.462769188974605, 38.585008099431086, 39.17484779182085, 37.82245056853059, 36.0851176834892], off=[86.61808887389228, 113.28501686945411, 121.46379977482552, 124.69405430009057, 123.09604104964727], FWHM=[-1.73343175852066, -5.1633655211080045, -2.7242380035022284, -1.1232081165263355, -2.970105353599841],
                         r2=[0.9368988282517061, 0.9845143097841335, 0.9787586508150673, 0.9897360327236785, 0.9865863381653868])
2022-03-16 13:50:19,454 - ROImulti - DEBUG : ...set_initial_ROI({self}, {im})
2022-03-16 13:50:19,454 - ROImulti - DEBUG : ...set_initial_ROI({self}, {im})
2022-03-16 13:50:19,454 - ROImulti - DEBUG : ...create_ROI_data(<ROImulti.ROImulti object at 0x11ffa8580>, <PIL.PngImagePlugin.PngImageFile image mode=L size=2592x1944 at 0x11FFA8760>, plot=False)
2022-03-16 13:50:19,454 - ROImulti - DEBUG : ...create_ROI_data(<ROImulti.ROImulti object at 0x11ffa8580>, <PIL.PngImagePlugin.PngImageFile image mode=L size=2592x1944 at 0x11FFA8760>, plot=False)
2022-03-16 13:50:19,455 - ROImulti - DEBUG : ...process_ROI(<ROImulti.ROImulti object at 0x11ffa8580>, plot=False)
2022-03-16 13:50:19,455 - ROImulti - DEBUG : ...process_ROI(<ROImulti.ROImulti object at 0x11ffa8580>, plot=False)
2022-03-16 13:50:19,459 - ROImulti - DEBUG : set_initial_values(<ROImulti.ROImulti object at 0x11ffa8580>, amp=[-80.2117437986183], assym=[0.07944820060560527],
                         res=[186.0613019178533], gamma=[37.804365190712126], off=[125.38589378429322], FWHM=[-4.267741016673424],
                         r2=[0.991890825731699])
2022-03-16 13:50:19,459 - ROImulti - DEBUG : set_initial_values(<ROImulti.ROImulti object at 0x11ffa8580>, amp=[-80.2117437986183], assym=[0.07944820060560527],
                         res=[186.0613019178533], gamma=[37.804365190712126], off=[125.38589378429322], FWHM=[-4.267741016673424],
                         r2=[0.991890825731699])
2022-03-16 13:50:19,462 - ROImulti - DEBUG : set_initial_values(<ROImulti.ROImulti object at 0x11ffa8580>, amp=[-80.2117437986183, -100.57170232255703], assym=[0.07944820060560527, 0.07655065360527433],
                         res=[186.0613019178533, 182.32201000325293], gamma=[37.804365190712126, 33.46687588540293], off=[125.38589378429322, 145.78221185354045], FWHM=[-4.267741016673424, -3.639055982365263],
                         r2=[0.991890825731699, 0.9878429990499553])
2022-03-16 13:50:19,462 - ROImulti - DEBUG : set_initial_values(<ROImulti.ROImulti object at 0x11ffa8580>, amp=[-80.2117437986183, -100.57170232255703], assym=[0.07944820060560527, 0.07655065360527433],
                         res=[186.0613019178533, 182.32201000325293], gamma=[37.804365190712126, 33.46687588540293], off=[125.38589378429322, 145.78221185354045], FWHM=[-4.267741016673424, -3.639055982365263],
                         r2=[0.991890825731699, 0.9878429990499553])
2022-03-16 13:50:19,465 - ROImulti - DEBUG : set_initial_values(<ROImulti.ROImulti object at 0x11ffa8580>, amp=[-80.2117437986183, -100.57170232255703, -110.62249982058108], assym=[0.07944820060560527, 0.07655065360527433, 0.07551823922962374],
                         res=[186.0613019178533, 182.32201000325293, 177.86182323949487], gamma=[37.804365190712126, 33.46687588540293, 33.37087891679864], off=[125.38589378429322, 145.78221185354045, 152.87167320614677], FWHM=[-4.267741016673424, -3.639055982365263, -3.579257749002205],
                         r2=[0.991890825731699, 0.9878429990499553, 0.9898259598741317])
2022-03-16 13:50:19,465 - ROImulti - DEBUG : set_initial_values(<ROImulti.ROImulti object at 0x11ffa8580>, amp=[-80.2117437986183, -100.57170232255703, -110.62249982058108], assym=[0.07944820060560527, 0.07655065360527433, 0.07551823922962374],
                         res=[186.0613019178533, 182.32201000325293, 177.86182323949487], gamma=[37.804365190712126, 33.46687588540293, 33.37087891679864], off=[125.38589378429322, 145.78221185354045, 152.87167320614677], FWHM=[-4.267741016673424, -3.639055982365263, -3.579257749002205],
                         r2=[0.991890825731699, 0.9878429990499553, 0.9898259598741317])
2022-03-16 13:50:19,468 - ROImulti - DEBUG : set_initial_values(<ROImulti.ROImulti object at 0x11ffa8580>, amp=[-80.2117437986183, -100.57170232255703, -110.62249982058108, -98.22431960040467], assym=[0.07944820060560527, 0.07655065360527433, 0.07551823922962374, 0.07077818471817175],
                         res=[186.0613019178533, 182.32201000325293, 177.86182323949487, 171.57403089776378], gamma=[37.804365190712126, 33.46687588540293, 33.37087891679864, 33.503234154188945], off=[125.38589378429322, 145.78221185354045, 152.87167320614677, 140.67983758378665], FWHM=[-4.267741016673424, -3.639055982365263, -3.579257749002205, -3.36615066316828],
                         r2=[0.991890825731699, 0.9878429990499553, 0.9898259598741317, 0.9849957279065891])
2022-03-16 13:50:19,468 - ROImulti - DEBUG : set_initial_values(<ROImulti.ROImulti object at 0x11ffa8580>, amp=[-80.2117437986183, -100.57170232255703, -110.62249982058108, -98.22431960040467], assym=[0.07944820060560527, 0.07655065360527433, 0.07551823922962374, 0.07077818471817175],
                         res=[186.0613019178533, 182.32201000325293, 177.86182323949487, 171.57403089776378], gamma=[37.804365190712126, 33.46687588540293, 33.37087891679864, 33.503234154188945], off=[125.38589378429322, 145.78221185354045, 152.87167320614677, 140.67983758378665], FWHM=[-4.267741016673424, -3.639055982365263, -3.579257749002205, -3.36615066316828],
                         r2=[0.991890825731699, 0.9878429990499553, 0.9898259598741317, 0.9849957279065891])
2022-03-16 13:50:19,472 - ROImulti - DEBUG : set_initial_values(<ROImulti.ROImulti object at 0x11ffa8580>, amp=[-80.2117437986183, -100.57170232255703, -110.62249982058108, -98.22431960040467, -102.59372258948444], assym=[0.07944820060560527, 0.07655065360527433, 0.07551823922962374, 0.07077818471817175, 0.045559024853163176],
                         res=[186.0613019178533, 182.32201000325293, 177.86182323949487, 171.57403089776378, 168.6469795326941], gamma=[37.804365190712126, 33.46687588540293, 33.37087891679864, 33.503234154188945, 33.93738456298925], off=[125.38589378429322, 145.78221185354045, 152.87167320614677, 140.67983758378665, 145.34155508491662], FWHM=[-4.267741016673424, -3.639055982365263, -3.579257749002205, -3.36615066316828, -2.1899993142159797],
                         r2=[0.991890825731699, 0.9878429990499553, 0.9898259598741317, 0.9849957279065891, 0.9926489422284407])
2022-03-16 13:50:19,472 - ROImulti - DEBUG : set_initial_values(<ROImulti.ROImulti object at 0x11ffa8580>, amp=[-80.2117437986183, -100.57170232255703, -110.62249982058108, -98.22431960040467, -102.59372258948444], assym=[0.07944820060560527, 0.07655065360527433, 0.07551823922962374, 0.07077818471817175, 0.045559024853163176],
                         res=[186.0613019178533, 182.32201000325293, 177.86182323949487, 171.57403089776378, 168.6469795326941], gamma=[37.804365190712126, 33.46687588540293, 33.37087891679864, 33.503234154188945, 33.93738456298925], off=[125.38589378429322, 145.78221185354045, 152.87167320614677, 140.67983758378665, 145.34155508491662], FWHM=[-4.267741016673424, -3.639055982365263, -3.579257749002205, -3.36615066316828, -2.1899993142159797],
                         r2=[0.991890825731699, 0.9878429990499553, 0.9898259598741317, 0.9849957279065891, 0.9926489422284407])
2022-03-16 13:50:19,474 - __main__ - INFO : ...Data saved
2022-03-16 13:50:19,474 - __main__ - INFO : ...Data saved
2022-03-16 13:50:19,516 - ROImulti - DEBUG : ...get_resonance_data(<ROImulti.ROImulti object at 0x11ffa8310>, disp=False)
2022-03-16 13:50:19,516 - ROImulti - DEBUG : ...get_resonance_data(<ROImulti.ROImulti object at 0x11ffa8310>, disp=False)
2022-03-16 13:50:19,516 - ROImulti - DEBUG : ...get_resonance_data(<ROImulti.ROImulti object at 0x11ffa8310>, disp=False)
2022-03-16 13:50:19,516 - ROImulti - DEBUG : ...get_resonance_data(<ROImulti.ROImulti object at 0x11ffa8310>, disp=False)
2022-03-16 13:50:19,516 - ROImulti - DEBUG : ...get_resonance_data(<ROImulti.ROImulti object at 0x11ffa8310>, disp=False)
2022-03-16 13:50:19,516 - ROImulti - DEBUG : ...get_resonance_data(<ROImulti.ROImulti object at 0x11ffa8310>, disp=False)
2022-03-16 13:50:19,678 - ROImulti - DEBUG : ...get_resonance_data(<ROImulti.ROImulti object at 0x11ffa8580>, disp=False)
2022-03-16 13:50:19,678 - ROImulti - DEBUG : ...get_resonance_data(<ROImulti.ROImulti object at 0x11ffa8580>, disp=False)
2022-03-16 13:50:19,678 - ROImulti - DEBUG : ...get_resonance_data(<ROImulti.ROImulti object at 0x11ffa8580>, disp=False)
2022-03-16 13:50:19,678 - ROImulti - DEBUG : ...get_resonance_data(<ROImulti.ROImulti object at 0x11ffa8580>, disp=False)
2022-03-16 13:50:19,678 - ROImulti - DEBUG : ...get_resonance_data(<ROImulti.ROImulti object at 0x11ffa8580>, disp=False)
2022-03-16 13:50:19,678 - ROImulti - DEBUG : ...get_resonance_data(<ROImulti.ROImulti object at 0x11ffa8580>, disp=False)
